{"/Users/hus/projects/t1-project/src/App.tsx": {"path":"/Users/hus/projects/t1-project/src/App.tsx","statementMap":{"0":{"start":{"line":1,"column":0},"end":{"line":1,"column":59}},"1":{"start":{"line":2,"column":0},"end":{"line":2,"column":48}},"2":{"start":{"line":3,"column":0},"end":{"line":3,"column":54}},"3":{"start":{"line":4,"column":0},"end":{"line":4,"column":60}},"4":{"start":{"line":5,"column":0},"end":{"line":5,"column":66}},"5":{"start":{"line":6,"column":0},"end":{"line":6,"column":51}},"6":{"start":{"line":7,"column":0},"end":{"line":7,"column":44}},"7":{"start":{"line":8,"column":0},"end":{"line":8,"column":66}},"8":{"start":{"line":11,"column":36},"end":{"line":11,"column":51}},"9":{"start":{"line":12,"column":46},"end":{"line":12,"column":60}},"10":{"start":{"line":14,"column":23},"end":{"line":22,"column":5}},"11":{"start":{"line":15,"column":22},"end":{"line":15,"column":51}},"12":{"start":{"line":16,"column":8},"end":{"line":20,"column":9}},"13":{"start":{"line":17,"column":12},"end":{"line":17,"column":30}},"14":{"start":{"line":19,"column":12},"end":{"line":19,"column":31}},"15":{"start":{"line":21,"column":8},"end":{"line":21,"column":32}},"16":{"start":{"line":24,"column":4},"end":{"line":26,"column":11}},"17":{"start":{"line":25,"column":8},"end":{"line":25,"column":21}},"18":{"start":{"line":28,"column":4},"end":{"line":78,"column":6}},"19":{"start":{"line":81,"column":0},"end":{"line":81,"column":19}}},"fnMap":{"0":{"name":"App","decl":{"start":{"line":10,"column":9},"end":{"line":10,"column":12}},"loc":{"start":{"line":10,"column":12},"end":{"line":79,"column":1}}},"1":{"name":"(anonymous_1)","decl":{"start":{"line":14,"column":23},"end":{"line":14,"column":26}},"loc":{"start":{"line":14,"column":28},"end":{"line":22,"column":5}}},"2":{"name":"(anonymous_2)","decl":{"start":{"line":24,"column":14},"end":{"line":24,"column":17}},"loc":{"start":{"line":24,"column":19},"end":{"line":26,"column":5}}}},"branchMap":{"0":{"loc":{"start":{"line":16,"column":8},"end":{"line":20,"column":9}},"type":"if","locations":[{"start":{"line":16,"column":8},"end":{"line":20,"column":9}},{"start":{"line":18,"column":15},"end":{"line":20,"column":9}}]},"1":{"loc":{"start":{"line":66,"column":20},"end":{"line":69,"column":null}},"type":"cond-expr","locations":[{"start":{"line":67,"column":24},"end":{"line":67,"column":43}},{"start":{"line":69,"column":24},"end":{"line":69,"column":59}}]},"2":{"loc":{"start":{"line":75,"column":25},"end":{"line":75,"column":75}},"type":"cond-expr","locations":[{"start":{"line":75,"column":36},"end":{"line":75,"column":48}},{"start":{"line":75,"column":51},"end":{"line":75,"column":75}}]}},"s":{"0":0,"1":0,"2":0,"3":0,"4":0,"5":0,"6":0,"7":0,"8":0,"9":0,"10":0,"11":0,"12":0,"13":0,"14":0,"15":0,"16":0,"17":0,"18":0,"19":0},"f":{"0":0,"1":0,"2":0},"b":{"0":[0,0],"1":[0,0],"2":[0,0]}}
,"/Users/hus/projects/t1-project/src/main.tsx": {"path":"/Users/hus/projects/t1-project/src/main.tsx","statementMap":{"0":{"start":{"line":1,"column":0},"end":{"line":1,"column":26}},"1":{"start":{"line":2,"column":0},"end":{"line":2,"column":40}},"2":{"start":{"line":3,"column":0},"end":{"line":3,"column":39}},"3":{"start":{"line":4,"column":0},"end":{"line":4,"column":32}},"4":{"start":{"line":5,"column":0},"end":{"line":5,"column":49}},"5":{"start":{"line":6,"column":0},"end":{"line":6,"column":28}},"6":{"start":{"line":7,"column":0},"end":{"line":7,"column":28}},"7":{"start":{"line":8,"column":0},"end":{"line":8,"column":34}},"8":{"start":{"line":10,"column":0},"end":{"line":18,"column":2}}},"fnMap":{},"branchMap":{},"s":{"0":0,"1":0,"2":0,"3":0,"4":0,"5":0,"6":0,"7":0,"8":0},"f":{},"b":{}}
,"/Users/hus/projects/t1-project/src/vite-env.d.ts": {"path":"/Users/hus/projects/t1-project/src/vite-env.d.ts","statementMap":{},"fnMap":{},"branchMap":{},"s":{},"f":{},"b":{}}
,"/Users/hus/projects/t1-project/src/HOCs/ProtectedRoute/ProtectedRoute.tsx": {"path":"/Users/hus/projects/t1-project/src/HOCs/ProtectedRoute/ProtectedRoute.tsx","statementMap":{"0":{"start":{"line":1,"column":0},"end":{"line":1,"column":44}},"1":{"start":{"line":11,"column":23},"end":{"line":22,"column":1}},"2":{"start":{"line":17,"column":4},"end":{"line":19,"column":5}},"3":{"start":{"line":18,"column":8},"end":{"line":18,"column":37}},"4":{"start":{"line":21,"column":4},"end":{"line":21,"column":73}},"5":{"start":{"line":24,"column":0},"end":{"line":24,"column":30}}},"fnMap":{"0":{"name":"(anonymous_0)","decl":{"start":{"line":11,"column":23},"end":{"line":11,"column":24}},"loc":{"start":{"line":16,"column":26},"end":{"line":22,"column":1}}}},"branchMap":{"0":{"loc":{"start":{"line":17,"column":4},"end":{"line":19,"column":5}},"type":"if","locations":[{"start":{"line":17,"column":4},"end":{"line":19,"column":5}}]},"1":{"loc":{"start":{"line":21,"column":11},"end":{"line":21,"column":72}},"type":"cond-expr","locations":[{"start":{"line":21,"column":22},"end":{"line":21,"column":45}},{"start":{"line":21,"column":48},"end":{"line":21,"column":72}}]}},"s":{"0":0,"1":0,"2":0,"3":0,"4":0,"5":0},"f":{"0":0},"b":{"0":[0],"1":[0,0]}}
,"/Users/hus/projects/t1-project/src/api/api.ts": {"path":"/Users/hus/projects/t1-project/src/api/api.ts","statementMap":{"0":{"start":{"line":3,"column":17},"end":{"line":3,"column":40}},"1":{"start":{"line":5,"column":22},"end":{"line":7,"column":1}},"2":{"start":{"line":6,"column":4},"end":{"line":6,"column":73}},"3":{"start":{"line":9,"column":14},"end":{"line":25,"column":1}},"4":{"start":{"line":16,"column":4},"end":{"line":24,"column":41}},"5":{"start":{"line":24,"column":21},"end":{"line":24,"column":39}},"6":{"start":{"line":47,"column":9},"end":{"line":47,"column":14}},"7":{"start":{"line":27,"column":22},"end":{"line":34,"column":1}},"8":{"start":{"line":28,"column":4},"end":{"line":33,"column":41}},"9":{"start":{"line":33,"column":21},"end":{"line":33,"column":39}},"10":{"start":{"line":47,"column":16},"end":{"line":47,"column":29}},"11":{"start":{"line":36,"column":19},"end":{"line":45,"column":1}},"12":{"start":{"line":37,"column":4},"end":{"line":44,"column":41}},"13":{"start":{"line":44,"column":21},"end":{"line":44,"column":39}},"14":{"start":{"line":47,"column":31},"end":{"line":47,"column":41}}},"fnMap":{"0":{"name":"(anonymous_0)","decl":{"start":{"line":5,"column":22},"end":{"line":5,"column":23}},"loc":{"start":{"line":5,"column":40},"end":{"line":7,"column":1}}},"1":{"name":"(anonymous_1)","decl":{"start":{"line":9,"column":14},"end":{"line":9,"column":15}},"loc":{"start":{"line":15,"column":21},"end":{"line":25,"column":1}}},"2":{"name":"(anonymous_2)","decl":{"start":{"line":24,"column":12},"end":{"line":24,"column":13}},"loc":{"start":{"line":24,"column":21},"end":{"line":24,"column":39}}},"3":{"name":"(anonymous_3)","decl":{"start":{"line":27,"column":22},"end":{"line":27,"column":23}},"loc":{"start":{"line":27,"column":40},"end":{"line":34,"column":1}}},"4":{"name":"(anonymous_4)","decl":{"start":{"line":33,"column":12},"end":{"line":33,"column":13}},"loc":{"start":{"line":33,"column":21},"end":{"line":33,"column":39}}},"5":{"name":"(anonymous_5)","decl":{"start":{"line":36,"column":19},"end":{"line":36,"column":20}},"loc":{"start":{"line":36,"column":45},"end":{"line":45,"column":1}}},"6":{"name":"(anonymous_6)","decl":{"start":{"line":44,"column":12},"end":{"line":44,"column":13}},"loc":{"start":{"line":44,"column":21},"end":{"line":44,"column":39}}}},"branchMap":{"0":{"loc":{"start":{"line":6,"column":11},"end":{"line":6,"column":72}},"type":"cond-expr","locations":[{"start":{"line":6,"column":20},"end":{"line":6,"column":30}},{"start":{"line":6,"column":33},"end":{"line":6,"column":72}}]}},"s":{"0":0,"1":0,"2":0,"3":0,"4":0,"5":0,"6":0,"7":0,"8":0,"9":0,"10":0,"11":0,"12":0,"13":0,"14":0},"f":{"0":0,"1":0,"2":0,"3":0,"4":0,"5":0,"6":0},"b":{"0":[0,0]}}
,"/Users/hus/projects/t1-project/src/components/Atoms/ButtonAction/ButtonAction.stories.tsx": {"path":"/Users/hus/projects/t1-project/src/components/Atoms/ButtonAction/ButtonAction.stories.tsx","statementMap":{"0":{"start":{"line":2,"column":0},"end":{"line":2,"column":48}},"1":{"start":{"line":3,"column":0},"end":{"line":3,"column":42}},"2":{"start":{"line":5,"column":19},"end":{"line":16,"column":2}},"3":{"start":{"line":11,"column":12},"end":{"line":12,"column":null}},"4":{"start":{"line":18,"column":0},"end":{"line":18,"column":20}},"5":{"start":{"line":22,"column":13},"end":{"line":28,"column":2}},"6":{"start":{"line":30,"column":13},"end":{"line":36,"column":2}},"7":{"start":{"line":34,"column":33},"end":{"line":34,"column":57}}},"fnMap":{"0":{"name":"(anonymous_0)","decl":{"start":{"line":10,"column":8},"end":{"line":10,"column":9}},"loc":{"start":{"line":11,"column":12},"end":{"line":12,"column":null}}},"1":{"name":"(anonymous_1)","decl":{"start":{"line":34,"column":27},"end":{"line":34,"column":30}},"loc":{"start":{"line":34,"column":33},"end":{"line":34,"column":57}}}},"branchMap":{},"s":{"0":0,"1":0,"2":0,"3":0,"4":0,"5":0,"6":0,"7":0},"f":{"0":0,"1":0},"b":{}}
,"/Users/hus/projects/t1-project/src/components/Atoms/ButtonAction/ButtonAction.tsx": {"path":"/Users/hus/projects/t1-project/src/components/Atoms/ButtonAction/ButtonAction.tsx","statementMap":{"0":{"start":{"line":1,"column":0},"end":{"line":1,"column":29}},"1":{"start":{"line":2,"column":0},"end":{"line":2,"column":40}},"2":{"start":{"line":3,"column":0},"end":{"line":3,"column":48}},"3":{"start":{"line":11,"column":21},"end":{"line":34,"column":2}},"4":{"start":{"line":12,"column":4},"end":{"line":33,"column":5}},"5":{"start":{"line":14,"column":12},"end":{"line":20,"column":13}},"6":{"start":{"line":15,"column":16},"end":{"line":19,"column":18}},"7":{"start":{"line":21,"column":12},"end":{"line":21,"column":18}},"8":{"start":{"line":23,"column":12},"end":{"line":30,"column":14}},"9":{"start":{"line":32,"column":12},"end":{"line":32,"column":24}},"10":{"start":{"line":36,"column":0},"end":{"line":36,"column":28}}},"fnMap":{"0":{"name":"(anonymous_0)","decl":{"start":{"line":11,"column":26},"end":{"line":11,"column":27}},"loc":{"start":{"line":11,"column":76},"end":{"line":34,"column":1}}}},"branchMap":{"0":{"loc":{"start":{"line":12,"column":4},"end":{"line":33,"column":5}},"type":"switch","locations":[{"start":{"line":13,"column":8},"end":{"line":21,"column":18}},{"start":{"line":22,"column":8},"end":{"line":30,"column":14}},{"start":{"line":31,"column":8},"end":{"line":32,"column":24}}]},"1":{"loc":{"start":{"line":14,"column":12},"end":{"line":20,"column":13}},"type":"if","locations":[{"start":{"line":14,"column":12},"end":{"line":20,"column":13}}]}},"s":{"0":1,"1":1,"2":1,"3":1,"4":4,"5":2,"6":1,"7":1,"8":1,"9":1,"10":1},"f":{"0":4},"b":{"0":[2,1,1],"1":[1]}}
,"/Users/hus/projects/t1-project/src/components/Atoms/ButtonAddProductCart/ButtonAddProductCart.tsx": {"path":"/Users/hus/projects/t1-project/src/components/Atoms/ButtonAddProductCart/ButtonAddProductCart.tsx","statementMap":{"0":{"start":{"line":1,"column":0},"end":{"line":1,"column":29}},"1":{"start":{"line":2,"column":0},"end":{"line":2,"column":56}},"2":{"start":{"line":8,"column":29},"end":{"line":38,"column":null}},"3":{"start":{"line":10,"column":8},"end":{"line":37,"column":10}},"4":{"start":{"line":14,"column":20},"end":{"line":14,"column":39}},"5":{"start":{"line":15,"column":20},"end":{"line":15,"column":42}},"6":{"start":{"line":41,"column":0},"end":{"line":41,"column":36}}},"fnMap":{"0":{"name":"(anonymous_0)","decl":{"start":{"line":9,"column":4},"end":{"line":9,"column":5}},"loc":{"start":{"line":9,"column":59},"end":{"line":38,"column":5}}},"1":{"name":"(anonymous_1)","decl":{"start":{"line":13,"column":25},"end":{"line":13,"column":26}},"loc":{"start":{"line":13,"column":31},"end":{"line":16,"column":17}}}},"branchMap":{},"s":{"0":1,"1":1,"2":1,"3":2,"4":1,"5":1,"6":1},"f":{"0":2,"1":1},"b":{}}
,"/Users/hus/projects/t1-project/src/components/Atoms/CartChangeError/CartChangeError.tsx": {"path":"/Users/hus/projects/t1-project/src/components/Atoms/CartChangeError/CartChangeError.tsx","statementMap":{"0":{"start":{"line":1,"column":0},"end":{"line":1,"column":51}},"1":{"start":{"line":3,"column":24},"end":{"line":9,"column":1}},"2":{"start":{"line":4,"column":4},"end":{"line":8,"column":6}},"3":{"start":{"line":11,"column":0},"end":{"line":11,"column":31}}},"fnMap":{"0":{"name":"(anonymous_0)","decl":{"start":{"line":3,"column":24},"end":{"line":3,"column":25}},"loc":{"start":{"line":3,"column":71},"end":{"line":9,"column":1}}}},"branchMap":{},"s":{"0":0,"1":0,"2":0,"3":0},"f":{"0":0},"b":{}}
,"/Users/hus/projects/t1-project/src/components/Atoms/CartCountButton/CartCountButton.stories.tsx": {"path":"/Users/hus/projects/t1-project/src/components/Atoms/CartCountButton/CartCountButton.stories.tsx","statementMap":{"0":{"start":{"line":2,"column":0},"end":{"line":2,"column":48}},"1":{"start":{"line":4,"column":19},"end":{"line":8,"column":2}},"2":{"start":{"line":10,"column":0},"end":{"line":10,"column":20}},"3":{"start":{"line":14,"column":13},"end":{"line":18,"column":2}}},"fnMap":{},"branchMap":{},"s":{"0":0,"1":0,"2":0,"3":0},"f":{},"b":{}}
,"/Users/hus/projects/t1-project/src/components/Atoms/CartCountButton/CartCountButton.tsx": {"path":"/Users/hus/projects/t1-project/src/components/Atoms/CartCountButton/CartCountButton.tsx","statementMap":{"0":{"start":{"line":1,"column":0},"end":{"line":1,"column":39}},"1":{"start":{"line":2,"column":0},"end":{"line":2,"column":51}},"2":{"start":{"line":12,"column":24},"end":{"line":104,"column":null}},"3":{"start":{"line":21,"column":34},"end":{"line":21,"column":60}},"4":{"start":{"line":22,"column":41},"end":{"line":26,"column":9}},"5":{"start":{"line":25,"column":12},"end":{"line":25,"column":35}},"6":{"start":{"line":28,"column":26},"end":{"line":38,"column":9}},"7":{"start":{"line":29,"column":12},"end":{"line":37,"column":13}},"8":{"start":{"line":30,"column":16},"end":{"line":33,"column":17}},"9":{"start":{"line":31,"column":20},"end":{"line":31,"column":49}},"10":{"start":{"line":31,"column":39},"end":{"line":31,"column":47}},"11":{"start":{"line":32,"column":20},"end":{"line":32,"column":52}},"12":{"start":{"line":35,"column":16},"end":{"line":35,"column":45}},"13":{"start":{"line":35,"column":35},"end":{"line":35,"column":43}},"14":{"start":{"line":36,"column":16},"end":{"line":36,"column":48}},"15":{"start":{"line":40,"column":26},"end":{"line":47,"column":9}},"16":{"start":{"line":41,"column":12},"end":{"line":46,"column":13}},"17":{"start":{"line":42,"column":16},"end":{"line":42,"column":45}},"18":{"start":{"line":42,"column":35},"end":{"line":42,"column":43}},"19":{"start":{"line":43,"column":16},"end":{"line":43,"column":48}},"20":{"start":{"line":45,"column":16},"end":{"line":45,"column":42}},"21":{"start":{"line":48,"column":8},"end":{"line":103,"column":10}},"22":{"start":{"line":107,"column":0},"end":{"line":107,"column":31}}},"fnMap":{"0":{"name":"(anonymous_0)","decl":{"start":{"line":13,"column":4},"end":{"line":13,"column":5}},"loc":{"start":{"line":20,"column":16},"end":{"line":104,"column":5}}},"1":{"name":"(anonymous_1)","decl":{"start":{"line":22,"column":41},"end":{"line":22,"column":null}},"loc":{"start":{"line":24,"column":18},"end":{"line":26,"column":9}}},"2":{"name":"(anonymous_2)","decl":{"start":{"line":28,"column":26},"end":{"line":28,"column":29}},"loc":{"start":{"line":28,"column":31},"end":{"line":38,"column":9}}},"3":{"name":"(anonymous_3)","decl":{"start":{"line":31,"column":29},"end":{"line":31,"column":30}},"loc":{"start":{"line":31,"column":39},"end":{"line":31,"column":47}}},"4":{"name":"(anonymous_4)","decl":{"start":{"line":35,"column":25},"end":{"line":35,"column":26}},"loc":{"start":{"line":35,"column":35},"end":{"line":35,"column":43}}},"5":{"name":"(anonymous_5)","decl":{"start":{"line":40,"column":26},"end":{"line":40,"column":29}},"loc":{"start":{"line":40,"column":31},"end":{"line":47,"column":9}}},"6":{"name":"(anonymous_6)","decl":{"start":{"line":42,"column":25},"end":{"line":42,"column":26}},"loc":{"start":{"line":42,"column":35},"end":{"line":42,"column":43}}}},"branchMap":{"0":{"loc":{"start":{"line":29,"column":12},"end":{"line":37,"column":13}},"type":"if","locations":[{"start":{"line":29,"column":12},"end":{"line":37,"column":13}},{"start":{"line":34,"column":19},"end":{"line":37,"column":13}}]},"1":{"loc":{"start":{"line":30,"column":16},"end":{"line":33,"column":17}},"type":"if","locations":[{"start":{"line":30,"column":16},"end":{"line":33,"column":17}}]},"2":{"loc":{"start":{"line":41,"column":12},"end":{"line":46,"column":13}},"type":"if","locations":[{"start":{"line":41,"column":12},"end":{"line":46,"column":13}},{"start":{"line":44,"column":19},"end":{"line":46,"column":13}}]}},"s":{"0":1,"1":1,"2":1,"3":7,"4":7,"5":4,"6":7,"7":2,"8":2,"9":1,"10":1,"11":1,"12":0,"13":0,"14":0,"15":7,"16":2,"17":1,"18":1,"19":1,"20":1,"21":7,"22":1},"f":{"0":7,"1":4,"2":2,"3":1,"4":0,"5":2,"6":1},"b":{"0":[2,0],"1":[1],"2":[1,1]}}
,"/Users/hus/projects/t1-project/src/components/Atoms/CartPrice/CartPrice.stories.tsx": {"path":"/Users/hus/projects/t1-project/src/components/Atoms/CartPrice/CartPrice.stories.tsx","statementMap":{"0":{"start":{"line":2,"column":0},"end":{"line":2,"column":36}},"1":{"start":{"line":4,"column":19},"end":{"line":8,"column":2}},"2":{"start":{"line":10,"column":0},"end":{"line":10,"column":20}},"3":{"start":{"line":14,"column":13},"end":{"line":20,"column":2}}},"fnMap":{},"branchMap":{},"s":{"0":0,"1":0,"2":0,"3":0},"f":{},"b":{}}
,"/Users/hus/projects/t1-project/src/components/Atoms/CartPrice/CartPrice.tsx": {"path":"/Users/hus/projects/t1-project/src/components/Atoms/CartPrice/CartPrice.tsx","statementMap":{"0":{"start":{"line":1,"column":0},"end":{"line":1,"column":29}},"1":{"start":{"line":2,"column":0},"end":{"line":2,"column":45}},"2":{"start":{"line":8,"column":18},"end":{"line":34,"column":null}},"3":{"start":{"line":10,"column":8},"end":{"line":33,"column":10}},"4":{"start":{"line":37,"column":0},"end":{"line":37,"column":25}}},"fnMap":{"0":{"name":"(anonymous_0)","decl":{"start":{"line":9,"column":4},"end":{"line":9,"column":5}},"loc":{"start":{"line":9,"column":61},"end":{"line":34,"column":5}}}},"branchMap":{},"s":{"0":0,"1":0,"2":0,"3":0,"4":0},"f":{"0":0},"b":{}}
,"/Users/hus/projects/t1-project/src/components/Atoms/CartProductLink/CartProductLink.stories.tsx": {"path":"/Users/hus/projects/t1-project/src/components/Atoms/CartProductLink/CartProductLink.stories.tsx","statementMap":{"0":{"start":{"line":2,"column":0},"end":{"line":2,"column":59}},"1":{"start":{"line":4,"column":0},"end":{"line":4,"column":48}},"2":{"start":{"line":11,"column":43},"end":{"line":22,"column":2}},"3":{"start":{"line":17,"column":12},"end":{"line":18,"column":null}},"4":{"start":{"line":24,"column":0},"end":{"line":24,"column":20}},"5":{"start":{"line":28,"column":41},"end":{"line":34,"column":2}},"6":{"start":{"line":36,"column":13},"end":{"line":40,"column":2}}},"fnMap":{"0":{"name":"(anonymous_0)","decl":{"start":{"line":16,"column":8},"end":{"line":16,"column":9}},"loc":{"start":{"line":17,"column":12},"end":{"line":18,"column":null}}}},"branchMap":{},"s":{"0":0,"1":0,"2":0,"3":0,"4":0,"5":0,"6":0},"f":{"0":0},"b":{}}
,"/Users/hus/projects/t1-project/src/components/Atoms/CartProductLink/CartProductLink.tsx": {"path":"/Users/hus/projects/t1-project/src/components/Atoms/CartProductLink/CartProductLink.tsx","statementMap":{"0":{"start":{"line":1,"column":0},"end":{"line":1,"column":29}},"1":{"start":{"line":3,"column":0},"end":{"line":3,"column":40}},"2":{"start":{"line":4,"column":0},"end":{"line":4,"column":51}},"3":{"start":{"line":11,"column":24},"end":{"line":29,"column":2}},"4":{"start":{"line":12,"column":54},"end":{"line":12,"column":61}},"5":{"start":{"line":14,"column":4},"end":{"line":28,"column":6}},"6":{"start":{"line":31,"column":0},"end":{"line":31,"column":31}}},"fnMap":{"0":{"name":"(anonymous_0)","decl":{"start":{"line":11,"column":29},"end":{"line":11,"column":30}},"loc":{"start":{"line":11,"column":76},"end":{"line":29,"column":1}}}},"branchMap":{},"s":{"0":0,"1":0,"2":0,"3":0,"4":0,"5":0,"6":0},"f":{"0":0},"b":{}}
,"/Users/hus/projects/t1-project/src/components/Atoms/DeleteProductCart/DeleteProductCart.stories.tsx": {"path":"/Users/hus/projects/t1-project/src/components/Atoms/DeleteProductCart/DeleteProductCart.stories.tsx","statementMap":{"0":{"start":{"line":2,"column":0},"end":{"line":2,"column":52}},"1":{"start":{"line":4,"column":19},"end":{"line":8,"column":2}},"2":{"start":{"line":10,"column":0},"end":{"line":10,"column":20}},"3":{"start":{"line":14,"column":13},"end":{"line":14,"column":33}}},"fnMap":{},"branchMap":{},"s":{"0":0,"1":0,"2":0,"3":0},"f":{},"b":{}}
,"/Users/hus/projects/t1-project/src/components/Atoms/DeleteProductCart/DeleteProductCart.tsx": {"path":"/Users/hus/projects/t1-project/src/components/Atoms/DeleteProductCart/DeleteProductCart.tsx","statementMap":{"0":{"start":{"line":1,"column":0},"end":{"line":1,"column":29}},"1":{"start":{"line":2,"column":0},"end":{"line":2,"column":53}},"2":{"start":{"line":9,"column":26},"end":{"line":19,"column":null}},"3":{"start":{"line":11,"column":8},"end":{"line":18,"column":10}},"4":{"start":{"line":13,"column":31},"end":{"line":13,"column":56}},"5":{"start":{"line":22,"column":0},"end":{"line":22,"column":33}}},"fnMap":{"0":{"name":"(anonymous_0)","decl":{"start":{"line":10,"column":4},"end":{"line":10,"column":5}},"loc":{"start":{"line":10,"column":62},"end":{"line":19,"column":5}}},"1":{"name":"(anonymous_1)","decl":{"start":{"line":13,"column":25},"end":{"line":13,"column":28}},"loc":{"start":{"line":13,"column":31},"end":{"line":13,"column":56}}}},"branchMap":{},"s":{"0":1,"1":1,"2":1,"3":2,"4":1,"5":1},"f":{"0":2,"1":1},"b":{}}
,"/Users/hus/projects/t1-project/src/components/Atoms/Input/Input.tsx": {"path":"/Users/hus/projects/t1-project/src/components/Atoms/Input/Input.tsx","statementMap":{"0":{"start":{"line":1,"column":0},"end":{"line":1,"column":29}},"1":{"start":{"line":2,"column":0},"end":{"line":2,"column":41}},"2":{"start":{"line":13,"column":14},"end":{"line":27,"column":null}},"3":{"start":{"line":15,"column":25},"end":{"line":15,"column":57}},"4":{"start":{"line":17,"column":8},"end":{"line":26,"column":10}},"5":{"start":{"line":30,"column":0},"end":{"line":30,"column":21}}},"fnMap":{"0":{"name":"(anonymous_0)","decl":{"start":{"line":14,"column":4},"end":{"line":14,"column":5}},"loc":{"start":{"line":14,"column":73},"end":{"line":27,"column":5}}}},"branchMap":{},"s":{"0":0,"1":0,"2":0,"3":0,"4":0,"5":0},"f":{"0":0},"b":{}}
,"/Users/hus/projects/t1-project/src/components/Atoms/LineWidth/LineWidth.stories.tsx": {"path":"/Users/hus/projects/t1-project/src/components/Atoms/LineWidth/LineWidth.stories.tsx","statementMap":{"0":{"start":{"line":2,"column":0},"end":{"line":2,"column":36}},"1":{"start":{"line":4,"column":37},"end":{"line":8,"column":2}},"2":{"start":{"line":10,"column":0},"end":{"line":10,"column":20}},"3":{"start":{"line":14,"column":13},"end":{"line":18,"column":2}}},"fnMap":{},"branchMap":{},"s":{"0":0,"1":0,"2":0,"3":0},"f":{},"b":{}}
,"/Users/hus/projects/t1-project/src/components/Atoms/LineWidth/LineWidth.tsx": {"path":"/Users/hus/projects/t1-project/src/components/Atoms/LineWidth/LineWidth.tsx","statementMap":{"0":{"start":{"line":1,"column":0},"end":{"line":1,"column":29}},"1":{"start":{"line":2,"column":0},"end":{"line":2,"column":45}},"2":{"start":{"line":8,"column":18},"end":{"line":12,"column":2}},"3":{"start":{"line":9,"column":4},"end":{"line":11,"column":6}},"4":{"start":{"line":14,"column":0},"end":{"line":14,"column":25}}},"fnMap":{"0":{"name":"(anonymous_0)","decl":{"start":{"line":8,"column":23},"end":{"line":8,"column":24}},"loc":{"start":{"line":8,"column":45},"end":{"line":12,"column":1}}}},"branchMap":{},"s":{"0":1,"1":1,"2":1,"3":1,"4":1},"f":{"0":1},"b":{}}
,"/Users/hus/projects/t1-project/src/components/Atoms/Loading/Loading.stories.tsx": {"path":"/Users/hus/projects/t1-project/src/components/Atoms/Loading/Loading.stories.tsx","statementMap":{"0":{"start":{"line":2,"column":0},"end":{"line":2,"column":32}},"1":{"start":{"line":4,"column":19},"end":{"line":8,"column":2}},"2":{"start":{"line":10,"column":0},"end":{"line":10,"column":20}},"3":{"start":{"line":14,"column":13},"end":{"line":14,"column":33}}},"fnMap":{},"branchMap":{},"s":{"0":0,"1":0,"2":0,"3":0},"f":{},"b":{}}
,"/Users/hus/projects/t1-project/src/components/Atoms/Loading/Loading.tsx": {"path":"/Users/hus/projects/t1-project/src/components/Atoms/Loading/Loading.tsx","statementMap":{"0":{"start":{"line":1,"column":0},"end":{"line":1,"column":43}},"1":{"start":{"line":3,"column":16},"end":{"line":9,"column":1}},"2":{"start":{"line":4,"column":4},"end":{"line":8,"column":6}},"3":{"start":{"line":11,"column":0},"end":{"line":11,"column":23}}},"fnMap":{"0":{"name":"(anonymous_0)","decl":{"start":{"line":3,"column":16},"end":{"line":3,"column":19}},"loc":{"start":{"line":3,"column":21},"end":{"line":9,"column":1}}}},"branchMap":{},"s":{"0":0,"1":0,"2":0,"3":0},"f":{"0":0},"b":{}}
,"/Users/hus/projects/t1-project/src/components/Atoms/LogoLink/LogoLink.stories.tsx": {"path":"/Users/hus/projects/t1-project/src/components/Atoms/LogoLink/LogoLink.stories.tsx","statementMap":{"0":{"start":{"line":2,"column":0},"end":{"line":2,"column":59}},"1":{"start":{"line":3,"column":0},"end":{"line":3,"column":34}},"2":{"start":{"line":5,"column":19},"end":{"line":16,"column":2}},"3":{"start":{"line":11,"column":12},"end":{"line":12,"column":null}},"4":{"start":{"line":18,"column":0},"end":{"line":18,"column":20}},"5":{"start":{"line":22,"column":13},"end":{"line":22,"column":33}}},"fnMap":{"0":{"name":"(anonymous_0)","decl":{"start":{"line":10,"column":8},"end":{"line":10,"column":9}},"loc":{"start":{"line":11,"column":12},"end":{"line":12,"column":null}}}},"branchMap":{},"s":{"0":0,"1":0,"2":0,"3":0,"4":0,"5":0},"f":{"0":0},"b":{}}
,"/Users/hus/projects/t1-project/src/components/Atoms/LogoLink/LogoLink.tsx": {"path":"/Users/hus/projects/t1-project/src/components/Atoms/LogoLink/LogoLink.tsx","statementMap":{"0":{"start":{"line":1,"column":0},"end":{"line":1,"column":40}},"1":{"start":{"line":2,"column":0},"end":{"line":2,"column":44}},"2":{"start":{"line":5,"column":4},"end":{"line":9,"column":6}},"3":{"start":{"line":12,"column":0},"end":{"line":12,"column":24}}},"fnMap":{"0":{"name":"LogoLink","decl":{"start":{"line":4,"column":9},"end":{"line":4,"column":17}},"loc":{"start":{"line":4,"column":17},"end":{"line":10,"column":1}}}},"branchMap":{},"s":{"0":0,"1":0,"2":0,"3":0},"f":{"0":0},"b":{}}
,"/Users/hus/projects/t1-project/src/components/Atoms/ProductRating/ProductRating.stories.tsx": {"path":"/Users/hus/projects/t1-project/src/components/Atoms/ProductRating/ProductRating.stories.tsx","statementMap":{"0":{"start":{"line":2,"column":0},"end":{"line":2,"column":44}},"1":{"start":{"line":4,"column":19},"end":{"line":8,"column":2}},"2":{"start":{"line":10,"column":0},"end":{"line":10,"column":20}},"3":{"start":{"line":14,"column":13},"end":{"line":16,"column":2}},"4":{"start":{"line":18,"column":13},"end":{"line":20,"column":2}},"5":{"start":{"line":22,"column":13},"end":{"line":24,"column":2}},"6":{"start":{"line":26,"column":13},"end":{"line":28,"column":2}},"7":{"start":{"line":30,"column":13},"end":{"line":32,"column":2}}},"fnMap":{},"branchMap":{},"s":{"0":0,"1":0,"2":0,"3":0,"4":0,"5":0,"6":0,"7":0},"f":{},"b":{}}
,"/Users/hus/projects/t1-project/src/components/Atoms/ProductRating/ProductRating.tsx": {"path":"/Users/hus/projects/t1-project/src/components/Atoms/ProductRating/ProductRating.tsx","statementMap":{"0":{"start":{"line":1,"column":0},"end":{"line":1,"column":29}},"1":{"start":{"line":2,"column":0},"end":{"line":2,"column":49}},"2":{"start":{"line":4,"column":18},"end":{"line":10,"column":2}},"3":{"start":{"line":16,"column":22},"end":{"line":33,"column":2}},"4":{"start":{"line":17,"column":26},"end":{"line":17,"column":64}},"5":{"start":{"line":19,"column":4},"end":{"line":32,"column":6}},"6":{"start":{"line":29,"column":16},"end":{"line":29,"column":34}},"7":{"start":{"line":35,"column":0},"end":{"line":35,"column":29}}},"fnMap":{"0":{"name":"(anonymous_0)","decl":{"start":{"line":16,"column":27},"end":{"line":16,"column":28}},"loc":{"start":{"line":16,"column":50},"end":{"line":33,"column":1}}},"1":{"name":"(anonymous_1)","decl":{"start":{"line":28,"column":31},"end":{"line":28,"column":32}},"loc":{"start":{"line":29,"column":16},"end":{"line":29,"column":34}}}},"branchMap":{},"s":{"0":1,"1":1,"2":1,"3":1,"4":4,"5":4,"6":11,"7":1},"f":{"0":4,"1":11},"b":{}}
,"/Users/hus/projects/t1-project/src/components/Molecules/CartProduct/CartProduct.stories.tsx": {"path":"/Users/hus/projects/t1-project/src/components/Molecules/CartProduct/CartProduct.stories.tsx","statementMap":{"0":{"start":{"line":2,"column":0},"end":{"line":2,"column":59}},"1":{"start":{"line":3,"column":0},"end":{"line":3,"column":40}},"2":{"start":{"line":6,"column":39},"end":{"line":17,"column":2}},"3":{"start":{"line":12,"column":12},"end":{"line":13,"column":null}},"4":{"start":{"line":19,"column":0},"end":{"line":19,"column":20}},"5":{"start":{"line":23,"column":37},"end":{"line":32,"column":2}},"6":{"start":{"line":34,"column":37},"end":{"line":43,"column":2}},"7":{"start":{"line":45,"column":13},"end":{"line":49,"column":2}},"8":{"start":{"line":51,"column":13},"end":{"line":55,"column":2}}},"fnMap":{"0":{"name":"(anonymous_0)","decl":{"start":{"line":11,"column":8},"end":{"line":11,"column":9}},"loc":{"start":{"line":12,"column":12},"end":{"line":13,"column":null}}}},"branchMap":{},"s":{"0":0,"1":0,"2":0,"3":0,"4":0,"5":0,"6":0,"7":0,"8":0},"f":{"0":0},"b":{}}
,"/Users/hus/projects/t1-project/src/components/Molecules/CartProduct/CartProduct.tsx": {"path":"/Users/hus/projects/t1-project/src/components/Molecules/CartProduct/CartProduct.tsx","statementMap":{"0":{"start":{"line":1,"column":0},"end":{"line":1,"column":39}},"1":{"start":{"line":3,"column":0},"end":{"line":3,"column":74}},"2":{"start":{"line":4,"column":0},"end":{"line":4,"column":80}},"3":{"start":{"line":5,"column":0},"end":{"line":5,"column":74}},"4":{"start":{"line":6,"column":0},"end":{"line":6,"column":47}},"5":{"start":{"line":7,"column":0},"end":{"line":7,"column":55}},"6":{"start":{"line":9,"column":0},"end":{"line":9,"column":50}},"7":{"start":{"line":10,"column":0},"end":{"line":10,"column":40}},"8":{"start":{"line":11,"column":0},"end":{"line":11,"column":89}},"9":{"start":{"line":12,"column":0},"end":{"line":12,"column":74}},"10":{"start":{"line":13,"column":20},"end":{"line":88,"column":2}},"11":{"start":{"line":14,"column":21},"end":{"line":14,"column":34}},"12":{"start":{"line":15,"column":17},"end":{"line":15,"column":62}},"13":{"start":{"line":15,"column":51},"end":{"line":15,"column":61}},"14":{"start":{"line":16,"column":54},"end":{"line":16,"column":69}},"15":{"start":{"line":18,"column":8},"end":{"line":18,"column":23}},"16":{"start":{"line":19,"column":44},"end":{"line":19,"column":56}},"17":{"start":{"line":21,"column":31},"end":{"line":38,"column":5}},"18":{"start":{"line":22,"column":8},"end":{"line":22,"column":35}},"19":{"start":{"line":23,"column":8},"end":{"line":37,"column":56}},"20":{"start":{"line":25,"column":16},"end":{"line":25,"column":43}},"21":{"start":{"line":26,"column":16},"end":{"line":26,"column":42}},"22":{"start":{"line":29,"column":16},"end":{"line":29,"column":56}},"23":{"start":{"line":30,"column":16},"end":{"line":30,"column":49}},"24":{"start":{"line":31,"column":16},"end":{"line":34,"column":25}},"25":{"start":{"line":32,"column":20},"end":{"line":32,"column":54}},"26":{"start":{"line":33,"column":20},"end":{"line":33,"column":40}},"27":{"start":{"line":35,"column":16},"end":{"line":35,"column":37}},"28":{"start":{"line":37,"column":27},"end":{"line":37,"column":54}},"29":{"start":{"line":40,"column":34},"end":{"line":45,"column":5}},"30":{"start":{"line":41,"column":24},"end":{"line":43,"column":10}},"31":{"start":{"line":42,"column":12},"end":{"line":42,"column":34}},"32":{"start":{"line":44,"column":8},"end":{"line":44,"column":45}},"33":{"start":{"line":47,"column":33},"end":{"line":52,"column":5}},"34":{"start":{"line":48,"column":24},"end":{"line":50,"column":10}},"35":{"start":{"line":49,"column":12},"end":{"line":49,"column":80}},"36":{"start":{"line":51,"column":8},"end":{"line":51,"column":45}},"37":{"start":{"line":54,"column":33},"end":{"line":59,"column":5}},"38":{"start":{"line":55,"column":24},"end":{"line":57,"column":10}},"39":{"start":{"line":56,"column":12},"end":{"line":56,"column":80}},"40":{"start":{"line":58,"column":8},"end":{"line":58,"column":45}},"41":{"start":{"line":61,"column":4},"end":{"line":87,"column":6}},"42":{"start":{"line":90,"column":0},"end":{"line":90,"column":27}}},"fnMap":{"0":{"name":"(anonymous_0)","decl":{"start":{"line":13,"column":25},"end":{"line":13,"column":26}},"loc":{"start":{"line":13,"column":68},"end":{"line":88,"column":1}}},"1":{"name":"(anonymous_1)","decl":{"start":{"line":15,"column":29},"end":{"line":15,"column":30}},"loc":{"start":{"line":15,"column":51},"end":{"line":15,"column":61}}},"2":{"name":"(anonymous_2)","decl":{"start":{"line":21,"column":31},"end":{"line":21,"column":32}},"loc":{"start":{"line":21,"column":71},"end":{"line":38,"column":5}}},"3":{"name":"(anonymous_3)","decl":{"start":{"line":24,"column":18},"end":{"line":24,"column":19}},"loc":{"start":{"line":24,"column":27},"end":{"line":27,"column":13}}},"4":{"name":"(anonymous_4)","decl":{"start":{"line":28,"column":19},"end":{"line":28,"column":20}},"loc":{"start":{"line":28,"column":29},"end":{"line":36,"column":13}}},"5":{"name":"(anonymous_5)","decl":{"start":{"line":31,"column":27},"end":{"line":31,"column":30}},"loc":{"start":{"line":31,"column":32},"end":{"line":34,"column":17}}},"6":{"name":"(anonymous_6)","decl":{"start":{"line":37,"column":21},"end":{"line":37,"column":24}},"loc":{"start":{"line":37,"column":27},"end":{"line":37,"column":54}}},"7":{"name":"(anonymous_7)","decl":{"start":{"line":40,"column":34},"end":{"line":40,"column":35}},"loc":{"start":{"line":40,"column":49},"end":{"line":45,"column":5}}},"8":{"name":"(anonymous_8)","decl":{"start":{"line":41,"column":45},"end":{"line":41,"column":46}},"loc":{"start":{"line":41,"column":54},"end":{"line":43,"column":9}}},"9":{"name":"(anonymous_9)","decl":{"start":{"line":47,"column":33},"end":{"line":47,"column":34}},"loc":{"start":{"line":47,"column":51},"end":{"line":52,"column":5}}},"10":{"name":"(anonymous_10)","decl":{"start":{"line":48,"column":42},"end":{"line":48,"column":43}},"loc":{"start":{"line":48,"column":51},"end":{"line":50,"column":9}}},"11":{"name":"(anonymous_11)","decl":{"start":{"line":54,"column":33},"end":{"line":54,"column":34}},"loc":{"start":{"line":54,"column":51},"end":{"line":59,"column":5}}},"12":{"name":"(anonymous_12)","decl":{"start":{"line":55,"column":42},"end":{"line":55,"column":43}},"loc":{"start":{"line":55,"column":51},"end":{"line":57,"column":9}}}},"branchMap":{"0":{"loc":{"start":{"line":49,"column":19},"end":{"line":49,"column":79}},"type":"cond-expr","locations":[{"start":{"line":49,"column":44},"end":{"line":49,"column":72}},{"start":{"line":49,"column":75},"end":{"line":49,"column":79}}]},"1":{"loc":{"start":{"line":56,"column":19},"end":{"line":56,"column":79}},"type":"cond-expr","locations":[{"start":{"line":56,"column":44},"end":{"line":56,"column":72}},{"start":{"line":56,"column":75},"end":{"line":56,"column":79}}]},"2":{"loc":{"start":{"line":63,"column":13},"end":{"line":64,"column":null}},"type":"binary-expr","locations":[{"start":{"line":63,"column":13},"end":{"line":63,"column":36}},{"start":{"line":64,"column":16},"end":{"line":64,"column":63}}]},"3":{"loc":{"start":{"line":67,"column":17},"end":{"line":83,"column":null}},"type":"cond-expr","locations":[{"start":{"line":68,"column":20},"end":{"line":68,"column":31}},{"start":{"line":70,"column":20},"end":{"line":82,"column":null}}]}},"s":{"0":0,"1":0,"2":0,"3":0,"4":0,"5":0,"6":0,"7":0,"8":0,"9":0,"10":0,"11":0,"12":0,"13":0,"14":0,"15":0,"16":0,"17":0,"18":0,"19":0,"20":0,"21":0,"22":0,"23":0,"24":0,"25":0,"26":0,"27":0,"28":0,"29":0,"30":0,"31":0,"32":0,"33":0,"34":0,"35":0,"36":0,"37":0,"38":0,"39":0,"40":0,"41":0,"42":0},"f":{"0":0,"1":0,"2":0,"3":0,"4":0,"5":0,"6":0,"7":0,"8":0,"9":0,"10":0,"11":0,"12":0},"b":{"0":[0,0],"1":[0,0],"2":[0,0],"3":[0,0]}}
,"/Users/hus/projects/t1-project/src/components/Molecules/FaqQuestion/FaqQuestion.stories.tsx": {"path":"/Users/hus/projects/t1-project/src/components/Molecules/FaqQuestion/FaqQuestion.stories.tsx","statementMap":{"0":{"start":{"line":2,"column":0},"end":{"line":2,"column":40}},"1":{"start":{"line":4,"column":19},"end":{"line":8,"column":2}},"2":{"start":{"line":10,"column":0},"end":{"line":10,"column":20}},"3":{"start":{"line":14,"column":13},"end":{"line":22,"column":2}},"4":{"start":{"line":23,"column":13},"end":{"line":31,"column":2}}},"fnMap":{},"branchMap":{},"s":{"0":0,"1":0,"2":0,"3":0,"4":0},"f":{},"b":{}}
,"/Users/hus/projects/t1-project/src/components/Molecules/FaqQuestion/FaqQuestion.tsx": {"path":"/Users/hus/projects/t1-project/src/components/Molecules/FaqQuestion/FaqQuestion.tsx","statementMap":{"0":{"start":{"line":1,"column":0},"end":{"line":1,"column":50}},"1":{"start":{"line":3,"column":0},"end":{"line":3,"column":56}},"2":{"start":{"line":4,"column":0},"end":{"line":4,"column":47}},"3":{"start":{"line":6,"column":20},"end":{"line":69,"column":2}},"4":{"start":{"line":7,"column":33},"end":{"line":7,"column":36}},"5":{"start":{"line":8,"column":36},"end":{"line":8,"column":50}},"6":{"start":{"line":10,"column":25},"end":{"line":12,"column":5}},"7":{"start":{"line":11,"column":8},"end":{"line":11,"column":37}},"8":{"start":{"line":11,"column":30},"end":{"line":11,"column":35}},"9":{"start":{"line":15,"column":4},"end":{"line":19,"column":14}},"10":{"start":{"line":16,"column":8},"end":{"line":18,"column":9}},"11":{"start":{"line":17,"column":12},"end":{"line":17,"column":31}},"12":{"start":{"line":21,"column":4},"end":{"line":68,"column":6}},"13":{"start":{"line":71,"column":0},"end":{"line":71,"column":27}}},"fnMap":{"0":{"name":"(anonymous_0)","decl":{"start":{"line":6,"column":25},"end":{"line":6,"column":26}},"loc":{"start":{"line":6,"column":52},"end":{"line":69,"column":1}}},"1":{"name":"(anonymous_1)","decl":{"start":{"line":10,"column":25},"end":{"line":10,"column":28}},"loc":{"start":{"line":10,"column":30},"end":{"line":12,"column":5}}},"2":{"name":"(anonymous_2)","decl":{"start":{"line":11,"column":20},"end":{"line":11,"column":21}},"loc":{"start":{"line":11,"column":30},"end":{"line":11,"column":35}}},"3":{"name":"(anonymous_3)","decl":{"start":{"line":15,"column":14},"end":{"line":15,"column":17}},"loc":{"start":{"line":15,"column":19},"end":{"line":19,"column":5}}}},"branchMap":{"0":{"loc":{"start":{"line":16,"column":8},"end":{"line":18,"column":9}},"type":"if","locations":[{"start":{"line":16,"column":8},"end":{"line":18,"column":9}}]},"1":{"loc":{"start":{"line":35,"column":32},"end":{"line":35,"column":null}},"type":"cond-expr","locations":[{"start":{"line":35,"column":43},"end":{"line":35,"column":45}},{"start":{"line":35,"column":48},"end":{"line":35,"column":null}}]},"2":{"loc":{"start":{"line":57,"column":28},"end":{"line":59,"column":null}},"type":"cond-expr","locations":[{"start":{"line":58,"column":34},"end":{"line":58,"column":67}},{"start":{"line":59,"column":34},"end":{"line":59,"column":null}}]}},"s":{"0":0,"1":0,"2":0,"3":0,"4":0,"5":0,"6":0,"7":0,"8":0,"9":0,"10":0,"11":0,"12":0,"13":0},"f":{"0":0,"1":0,"2":0,"3":0},"b":{"0":[0],"1":[0,0],"2":[0,0]}}
,"/Users/hus/projects/t1-project/src/components/Molecules/Nav/Nav.stories.tsx": {"path":"/Users/hus/projects/t1-project/src/components/Molecules/Nav/Nav.stories.tsx","statementMap":{"0":{"start":{"line":2,"column":0},"end":{"line":2,"column":24}},"1":{"start":{"line":3,"column":0},"end":{"line":3,"column":39}},"2":{"start":{"line":4,"column":0},"end":{"line":4,"column":39}},"3":{"start":{"line":5,"column":0},"end":{"line":5,"column":59}},"4":{"start":{"line":7,"column":31},"end":{"line":20,"column":2}},"5":{"start":{"line":13,"column":12},"end":{"line":16,"column":null}},"6":{"start":{"line":22,"column":0},"end":{"line":22,"column":20}},"7":{"start":{"line":26,"column":13},"end":{"line":26,"column":33}}},"fnMap":{"0":{"name":"(anonymous_0)","decl":{"start":{"line":12,"column":8},"end":{"line":12,"column":9}},"loc":{"start":{"line":13,"column":12},"end":{"line":16,"column":null}}}},"branchMap":{},"s":{"0":0,"1":0,"2":0,"3":0,"4":0,"5":0,"6":0,"7":0},"f":{"0":0},"b":{}}
,"/Users/hus/projects/t1-project/src/components/Molecules/Nav/Nav.tsx": {"path":"/Users/hus/projects/t1-project/src/components/Molecules/Nav/Nav.tsx","statementMap":{"0":{"start":{"line":1,"column":0},"end":{"line":1,"column":40}},"1":{"start":{"line":2,"column":0},"end":{"line":2,"column":39}},"2":{"start":{"line":3,"column":0},"end":{"line":3,"column":53}},"3":{"start":{"line":4,"column":0},"end":{"line":4,"column":29}},"4":{"start":{"line":5,"column":0},"end":{"line":5,"column":42}},"5":{"start":{"line":10,"column":12},"end":{"line":56,"column":2}},"6":{"start":{"line":11,"column":17},"end":{"line":11,"column":62}},"7":{"start":{"line":11,"column":51},"end":{"line":11,"column":61}},"8":{"start":{"line":12,"column":4},"end":{"line":55,"column":6}},"9":{"start":{"line":58,"column":0},"end":{"line":58,"column":19}}},"fnMap":{"0":{"name":"(anonymous_0)","decl":{"start":{"line":10,"column":17},"end":{"line":10,"column":18}},"loc":{"start":{"line":10,"column":44},"end":{"line":56,"column":1}}},"1":{"name":"(anonymous_1)","decl":{"start":{"line":11,"column":29},"end":{"line":11,"column":30}},"loc":{"start":{"line":11,"column":51},"end":{"line":11,"column":61}}}},"branchMap":{"0":{"loc":{"start":{"line":15,"column":13},"end":{"line":52,"column":null}},"type":"binary-expr","locations":[{"start":{"line":15,"column":13},"end":{"line":15,"column":21}},{"start":{"line":16,"column":16},"end":{"line":51,"column":null}}]},"1":{"loc":{"start":{"line":32,"column":37},"end":{"line":46,"column":null}},"type":"binary-expr","locations":[{"start":{"line":32,"column":37},"end":{"line":32,"column":52}},{"start":{"line":33,"column":40},"end":{"line":33,"column":67}},{"start":{"line":34,"column":44},"end":{"line":45,"column":null}}]}},"s":{"0":0,"1":0,"2":0,"3":0,"4":0,"5":0,"6":0,"7":0,"8":0,"9":0},"f":{"0":0,"1":0},"b":{"0":[0,0],"1":[0,0,0]}}
,"/Users/hus/projects/t1-project/src/components/Molecules/OneProductSlider/OneProductSlider.tsx": {"path":"/Users/hus/projects/t1-project/src/components/Molecules/OneProductSlider/OneProductSlider.tsx","statementMap":{"0":{"start":{"line":1,"column":0},"end":{"line":1,"column":50}},"1":{"start":{"line":3,"column":0},"end":{"line":3,"column":52}},"2":{"start":{"line":5,"column":25},"end":{"line":48,"column":null}},"3":{"start":{"line":7,"column":34},"end":{"line":7,"column":42}},"4":{"start":{"line":9,"column":41},"end":{"line":14,"column":9}},"5":{"start":{"line":12,"column":27},"end":{"line":12,"column":59}},"6":{"start":{"line":13,"column":12},"end":{"line":13,"column":46}},"7":{"start":{"line":16,"column":60},"end":{"line":16,"column":78}},"8":{"start":{"line":18,"column":8},"end":{"line":22,"column":22}},"9":{"start":{"line":19,"column":12},"end":{"line":21,"column":13}},"10":{"start":{"line":20,"column":16},"end":{"line":20,"column":57}},"11":{"start":{"line":23,"column":8},"end":{"line":47,"column":10}},"12":{"start":{"line":33,"column":24},"end":{"line":35,"column":null}},"13":{"start":{"line":51,"column":0},"end":{"line":51,"column":32}}},"fnMap":{"0":{"name":"(anonymous_0)","decl":{"start":{"line":6,"column":4},"end":{"line":6,"column":5}},"loc":{"start":{"line":6,"column":55},"end":{"line":48,"column":5}}},"1":{"name":"(anonymous_1)","decl":{"start":{"line":9,"column":41},"end":{"line":9,"column":null}},"loc":{"start":{"line":11,"column":12},"end":{"line":14,"column":9}}},"2":{"name":"(anonymous_2)","decl":{"start":{"line":18,"column":18},"end":{"line":18,"column":21}},"loc":{"start":{"line":18,"column":23},"end":{"line":22,"column":9}}},"3":{"name":"(anonymous_3)","decl":{"start":{"line":32,"column":42},"end":{"line":32,"column":43}},"loc":{"start":{"line":33,"column":24},"end":{"line":35,"column":null}}}},"branchMap":{"0":{"loc":{"start":{"line":19,"column":12},"end":{"line":21,"column":13}},"type":"if","locations":[{"start":{"line":19,"column":12},"end":{"line":21,"column":13}}]},"1":{"loc":{"start":{"line":19,"column":16},"end":{"line":19,"column":70}},"type":"binary-expr","locations":[{"start":{"line":19,"column":16},"end":{"line":19,"column":23}},{"start":{"line":19,"column":27},"end":{"line":19,"column":41}},{"start":{"line":19,"column":45},"end":{"line":19,"column":70}}]},"2":{"loc":{"start":{"line":27,"column":25},"end":{"line":27,"column":76}},"type":"cond-expr","locations":[{"start":{"line":27,"column":46},"end":{"line":27,"column":64}},{"start":{"line":27,"column":67},"end":{"line":27,"column":76}}]},"3":{"loc":{"start":{"line":37,"column":32},"end":{"line":39,"column":null}},"type":"cond-expr","locations":[{"start":{"line":38,"column":38},"end":{"line":38,"column":77}},{"start":{"line":39,"column":38},"end":{"line":39,"column":null}}]}},"s":{"0":0,"1":0,"2":0,"3":0,"4":0,"5":0,"6":0,"7":0,"8":0,"9":0,"10":0,"11":0,"12":0,"13":0},"f":{"0":0,"1":0,"2":0,"3":0},"b":{"0":[0],"1":[0,0,0],"2":[0,0],"3":[0,0]}}
,"/Users/hus/projects/t1-project/src/components/Molecules/OneProductState/OneProductStates.tsx": {"path":"/Users/hus/projects/t1-project/src/components/Molecules/OneProductState/OneProductStates.tsx","statementMap":{"0":{"start":{"line":1,"column":0},"end":{"line":1,"column":29}},"1":{"start":{"line":2,"column":0},"end":{"line":2,"column":68}},"2":{"start":{"line":3,"column":0},"end":{"line":3,"column":52}},"3":{"start":{"line":13,"column":25},"end":{"line":71,"column":2}},"4":{"start":{"line":22,"column":8},"end":{"line":22,"column":14}},"5":{"start":{"line":23,"column":4},"end":{"line":70,"column":6}},"6":{"start":{"line":73,"column":0},"end":{"line":73,"column":32}}},"fnMap":{"0":{"name":"(anonymous_0)","decl":{"start":{"line":13,"column":30},"end":{"line":13,"column":31}},"loc":{"start":{"line":13,"column":65},"end":{"line":71,"column":1}}}},"branchMap":{},"s":{"0":0,"1":0,"2":0,"3":0,"4":0,"5":0,"6":0},"f":{"0":0},"b":{}}
,"/Users/hus/projects/t1-project/src/components/Molecules/Product/Product.tsx": {"path":"/Users/hus/projects/t1-project/src/components/Molecules/Product/Product.tsx","statementMap":{"0":{"start":{"line":1,"column":0},"end":{"line":1,"column":39}},"1":{"start":{"line":2,"column":0},"end":{"line":2,"column":40}},"2":{"start":{"line":4,"column":0},"end":{"line":4,"column":74}},"3":{"start":{"line":5,"column":0},"end":{"line":5,"column":43}},"4":{"start":{"line":6,"column":0},"end":{"line":6,"column":89}},"5":{"start":{"line":8,"column":0},"end":{"line":8,"column":55}},"6":{"start":{"line":9,"column":0},"end":{"line":9,"column":50}},"7":{"start":{"line":10,"column":0},"end":{"line":10,"column":89}},"8":{"start":{"line":11,"column":0},"end":{"line":11,"column":40}},"9":{"start":{"line":12,"column":0},"end":{"line":12,"column":74}},"10":{"start":{"line":13,"column":16},"end":{"line":116,"column":2}},"11":{"start":{"line":14,"column":21},"end":{"line":14,"column":34}},"12":{"start":{"line":15,"column":24},"end":{"line":16,"column":null}},"13":{"start":{"line":16,"column":8},"end":{"line":16,"column":66}},"14":{"start":{"line":16,"column":43},"end":{"line":16,"column":65}},"15":{"start":{"line":18,"column":17},"end":{"line":18,"column":62}},"16":{"start":{"line":18,"column":51},"end":{"line":18,"column":61}},"17":{"start":{"line":19,"column":54},"end":{"line":19,"column":69}},"18":{"start":{"line":21,"column":8},"end":{"line":21,"column":23}},"19":{"start":{"line":22,"column":44},"end":{"line":22,"column":56}},"20":{"start":{"line":24,"column":31},"end":{"line":40,"column":5}},"21":{"start":{"line":25,"column":8},"end":{"line":25,"column":35}},"22":{"start":{"line":26,"column":8},"end":{"line":39,"column":56}},"23":{"start":{"line":28,"column":16},"end":{"line":28,"column":43}},"24":{"start":{"line":31,"column":16},"end":{"line":31,"column":56}},"25":{"start":{"line":32,"column":16},"end":{"line":32,"column":49}},"26":{"start":{"line":33,"column":16},"end":{"line":36,"column":25}},"27":{"start":{"line":34,"column":20},"end":{"line":34,"column":54}},"28":{"start":{"line":35,"column":20},"end":{"line":35,"column":40}},"29":{"start":{"line":37,"column":16},"end":{"line":37,"column":37}},"30":{"start":{"line":39,"column":27},"end":{"line":39,"column":54}},"31":{"start":{"line":42,"column":34},"end":{"line":48,"column":5}},"32":{"start":{"line":43,"column":24},"end":{"line":45,"column":10}},"33":{"start":{"line":44,"column":12},"end":{"line":44,"column":34}},"34":{"start":{"line":47,"column":8},"end":{"line":47,"column":45}},"35":{"start":{"line":50,"column":33},"end":{"line":55,"column":5}},"36":{"start":{"line":51,"column":24},"end":{"line":53,"column":10}},"37":{"start":{"line":52,"column":12},"end":{"line":52,"column":80}},"38":{"start":{"line":54,"column":8},"end":{"line":54,"column":45}},"39":{"start":{"line":57,"column":33},"end":{"line":62,"column":5}},"40":{"start":{"line":58,"column":24},"end":{"line":60,"column":10}},"41":{"start":{"line":59,"column":12},"end":{"line":59,"column":80}},"42":{"start":{"line":61,"column":8},"end":{"line":61,"column":45}},"43":{"start":{"line":64,"column":32},"end":{"line":67,"column":5}},"44":{"start":{"line":65,"column":24},"end":{"line":65,"column":51}},"45":{"start":{"line":66,"column":8},"end":{"line":66,"column":45}},"46":{"start":{"line":69,"column":4},"end":{"line":115,"column":6}},"47":{"start":{"line":118,"column":0},"end":{"line":118,"column":23}}},"fnMap":{"0":{"name":"(anonymous_0)","decl":{"start":{"line":13,"column":21},"end":{"line":13,"column":22}},"loc":{"start":{"line":13,"column":60},"end":{"line":116,"column":1}}},"1":{"name":"(anonymous_1)","decl":{"start":{"line":15,"column":36},"end":{"line":15,"column":37}},"loc":{"start":{"line":16,"column":8},"end":{"line":16,"column":66}}},"2":{"name":"(anonymous_2)","decl":{"start":{"line":16,"column":33},"end":{"line":16,"column":34}},"loc":{"start":{"line":16,"column":43},"end":{"line":16,"column":65}}},"3":{"name":"(anonymous_3)","decl":{"start":{"line":18,"column":29},"end":{"line":18,"column":30}},"loc":{"start":{"line":18,"column":51},"end":{"line":18,"column":61}}},"4":{"name":"(anonymous_4)","decl":{"start":{"line":24,"column":31},"end":{"line":24,"column":32}},"loc":{"start":{"line":24,"column":60},"end":{"line":40,"column":5}}},"5":{"name":"(anonymous_5)","decl":{"start":{"line":27,"column":18},"end":{"line":27,"column":19}},"loc":{"start":{"line":27,"column":27},"end":{"line":29,"column":13}}},"6":{"name":"(anonymous_6)","decl":{"start":{"line":30,"column":19},"end":{"line":30,"column":20}},"loc":{"start":{"line":30,"column":29},"end":{"line":38,"column":13}}},"7":{"name":"(anonymous_7)","decl":{"start":{"line":33,"column":27},"end":{"line":33,"column":30}},"loc":{"start":{"line":33,"column":32},"end":{"line":36,"column":17}}},"8":{"name":"(anonymous_8)","decl":{"start":{"line":39,"column":21},"end":{"line":39,"column":24}},"loc":{"start":{"line":39,"column":27},"end":{"line":39,"column":54}}},"9":{"name":"(anonymous_9)","decl":{"start":{"line":42,"column":34},"end":{"line":42,"column":35}},"loc":{"start":{"line":42,"column":49},"end":{"line":48,"column":5}}},"10":{"name":"(anonymous_10)","decl":{"start":{"line":43,"column":45},"end":{"line":43,"column":46}},"loc":{"start":{"line":43,"column":54},"end":{"line":45,"column":9}}},"11":{"name":"(anonymous_11)","decl":{"start":{"line":50,"column":33},"end":{"line":50,"column":34}},"loc":{"start":{"line":50,"column":51},"end":{"line":55,"column":5}}},"12":{"name":"(anonymous_12)","decl":{"start":{"line":51,"column":42},"end":{"line":51,"column":43}},"loc":{"start":{"line":51,"column":51},"end":{"line":53,"column":9}}},"13":{"name":"(anonymous_13)","decl":{"start":{"line":57,"column":33},"end":{"line":57,"column":34}},"loc":{"start":{"line":57,"column":51},"end":{"line":62,"column":5}}},"14":{"name":"(anonymous_14)","decl":{"start":{"line":58,"column":42},"end":{"line":58,"column":43}},"loc":{"start":{"line":58,"column":51},"end":{"line":60,"column":9}}},"15":{"name":"(anonymous_15)","decl":{"start":{"line":64,"column":32},"end":{"line":64,"column":35}},"loc":{"start":{"line":64,"column":37},"end":{"line":67,"column":5}}}},"branchMap":{"0":{"loc":{"start":{"line":52,"column":19},"end":{"line":52,"column":79}},"type":"cond-expr","locations":[{"start":{"line":52,"column":44},"end":{"line":52,"column":72}},{"start":{"line":52,"column":75},"end":{"line":52,"column":79}}]},"1":{"loc":{"start":{"line":59,"column":19},"end":{"line":59,"column":79}},"type":"cond-expr","locations":[{"start":{"line":59,"column":44},"end":{"line":59,"column":72}},{"start":{"line":59,"column":75},"end":{"line":59,"column":79}}]},"2":{"loc":{"start":{"line":71,"column":13},"end":{"line":72,"column":null}},"type":"binary-expr","locations":[{"start":{"line":71,"column":13},"end":{"line":71,"column":36}},{"start":{"line":72,"column":16},"end":{"line":72,"column":63}}]},"3":{"loc":{"start":{"line":95,"column":25},"end":{"line":109,"column":null}},"type":"cond-expr","locations":[{"start":{"line":96,"column":28},"end":{"line":96,"column":39}},{"start":{"line":97,"column":28},"end":{"line":109,"column":null}}]},"4":{"loc":{"start":{"line":97,"column":28},"end":{"line":109,"column":null}},"type":"cond-expr","locations":[{"start":{"line":98,"column":28},"end":{"line":104,"column":null}},{"start":{"line":107,"column":28},"end":{"line":108,"column":null}}]}},"s":{"0":0,"1":0,"2":0,"3":0,"4":0,"5":0,"6":0,"7":0,"8":0,"9":0,"10":0,"11":0,"12":0,"13":0,"14":0,"15":0,"16":0,"17":0,"18":0,"19":0,"20":0,"21":0,"22":0,"23":0,"24":0,"25":0,"26":0,"27":0,"28":0,"29":0,"30":0,"31":0,"32":0,"33":0,"34":0,"35":0,"36":0,"37":0,"38":0,"39":0,"40":0,"41":0,"42":0,"43":0,"44":0,"45":0,"46":0,"47":0},"f":{"0":0,"1":0,"2":0,"3":0,"4":0,"5":0,"6":0,"7":0,"8":0,"9":0,"10":0,"11":0,"12":0,"13":0,"14":0,"15":0},"b":{"0":[0,0],"1":[0,0],"2":[0,0],"3":[0,0],"4":[0,0]}}
,"/Users/hus/projects/t1-project/src/components/Molecules/Search/Search.tsx": {"path":"/Users/hus/projects/t1-project/src/components/Molecules/Search/Search.tsx","statementMap":{"0":{"start":{"line":1,"column":0},"end":{"line":1,"column":70}},"1":{"start":{"line":2,"column":0},"end":{"line":2,"column":60}},"2":{"start":{"line":4,"column":0},"end":{"line":4,"column":65}},"3":{"start":{"line":5,"column":0},"end":{"line":5,"column":71}},"4":{"start":{"line":6,"column":0},"end":{"line":6,"column":42}},"5":{"start":{"line":7,"column":0},"end":{"line":7,"column":44}},"6":{"start":{"line":15,"column":28},"end":{"line":15,"column":40}},"7":{"start":{"line":16,"column":51},"end":{"line":16,"column":79}},"8":{"start":{"line":18,"column":4},"end":{"line":20,"column":32}},"9":{"start":{"line":19,"column":8},"end":{"line":19,"column":30}},"10":{"start":{"line":22,"column":38},"end":{"line":27,"column":54}},"11":{"start":{"line":23,"column":23},"end":{"line":23,"column":65}},"12":{"start":{"line":24,"column":8},"end":{"line":26,"column":9}},"13":{"start":{"line":25,"column":12},"end":{"line":25,"column":45}},"14":{"start":{"line":29,"column":41},"end":{"line":31,"column":null}},"15":{"start":{"line":34,"column":28},"end":{"line":39,"column":null}},"16":{"start":{"line":36,"column":12},"end":{"line":36,"column":40}},"17":{"start":{"line":37,"column":12},"end":{"line":37,"column":43}},"18":{"start":{"line":42,"column":4},"end":{"line":58,"column":6}},"19":{"start":{"line":61,"column":0},"end":{"line":61,"column":22}}},"fnMap":{"0":{"name":"Search","decl":{"start":{"line":14,"column":9},"end":{"line":14,"column":15}},"loc":{"start":{"line":14,"column":60},"end":{"line":59,"column":1}}},"1":{"name":"(anonymous_1)","decl":{"start":{"line":18,"column":14},"end":{"line":18,"column":17}},"loc":{"start":{"line":18,"column":19},"end":{"line":20,"column":5}}},"2":{"name":"(anonymous_2)","decl":{"start":{"line":22,"column":50},"end":{"line":22,"column":55}},"loc":{"start":{"line":22,"column":61},"end":{"line":27,"column":5}}},"3":{"name":"(anonymous_3)","decl":{"start":{"line":35,"column":8},"end":{"line":35,"column":9}},"loc":{"start":{"line":35,"column":55},"end":{"line":38,"column":9}}}},"branchMap":{"0":{"loc":{"start":{"line":24,"column":8},"end":{"line":26,"column":9}},"type":"if","locations":[{"start":{"line":24,"column":8},"end":{"line":26,"column":9}}]}},"s":{"0":0,"1":0,"2":0,"3":0,"4":0,"5":0,"6":0,"7":0,"8":0,"9":0,"10":0,"11":0,"12":0,"13":0,"14":0,"15":0,"16":0,"17":0,"18":0,"19":0},"f":{"0":0,"1":0,"2":0,"3":0},"b":{"0":[0]}}
,"/Users/hus/projects/t1-project/src/components/Organisms/CartProducts/CartProducts.tsx": {"path":"/Users/hus/projects/t1-project/src/components/Organisms/CartProducts/CartProducts.tsx","statementMap":{"0":{"start":{"line":2,"column":0},"end":{"line":2,"column":42}},"1":{"start":{"line":4,"column":0},"end":{"line":4,"column":66}},"2":{"start":{"line":5,"column":0},"end":{"line":5,"column":48}},"3":{"start":{"line":8,"column":17},"end":{"line":8,"column":62}},"4":{"start":{"line":8,"column":51},"end":{"line":8,"column":61}},"5":{"start":{"line":10,"column":4},"end":{"line":16,"column":6}},"6":{"start":{"line":13,"column":16},"end":{"line":13,"column":66}},"7":{"start":{"line":19,"column":0},"end":{"line":19,"column":28}}},"fnMap":{"0":{"name":"CartProducts","decl":{"start":{"line":7,"column":9},"end":{"line":7,"column":21}},"loc":{"start":{"line":7,"column":21},"end":{"line":17,"column":1}}},"1":{"name":"(anonymous_1)","decl":{"start":{"line":8,"column":29},"end":{"line":8,"column":30}},"loc":{"start":{"line":8,"column":51},"end":{"line":8,"column":61}}},"2":{"name":"(anonymous_2)","decl":{"start":{"line":12,"column":31},"end":{"line":12,"column":32}},"loc":{"start":{"line":13,"column":16},"end":{"line":13,"column":66}}}},"branchMap":{},"s":{"0":0,"1":0,"2":0,"3":0,"4":0,"5":0,"6":0,"7":0},"f":{"0":0,"1":0,"2":0},"b":{}}
,"/Users/hus/projects/t1-project/src/components/Organisms/Catalog/Catalog.tsx": {"path":"/Users/hus/projects/t1-project/src/components/Organisms/Catalog/Catalog.tsx","statementMap":{"0":{"start":{"line":1,"column":0},"end":{"line":1,"column":44}},"1":{"start":{"line":2,"column":0},"end":{"line":2,"column":43}},"2":{"start":{"line":5,"column":4},"end":{"line":12,"column":6}},"3":{"start":{"line":15,"column":0},"end":{"line":15,"column":23}}},"fnMap":{"0":{"name":"Catalog","decl":{"start":{"line":4,"column":9},"end":{"line":4,"column":16}},"loc":{"start":{"line":4,"column":16},"end":{"line":13,"column":1}}}},"branchMap":{},"s":{"0":0,"1":0,"2":0,"3":0},"f":{"0":0},"b":{}}
,"/Users/hus/projects/t1-project/src/components/Organisms/Faq/Faq.tsx": {"path":"/Users/hus/projects/t1-project/src/components/Organisms/Faq/Faq.tsx","statementMap":{"0":{"start":{"line":2,"column":0},"end":{"line":2,"column":56}},"1":{"start":{"line":3,"column":0},"end":{"line":3,"column":66}},"2":{"start":{"line":4,"column":0},"end":{"line":4,"column":39}},"3":{"start":{"line":6,"column":24},"end":{"line":17,"column":2}},"4":{"start":{"line":20,"column":4},"end":{"line":32,"column":6}},"5":{"start":{"line":27,"column":24},"end":{"line":27,"column":62}},"6":{"start":{"line":35,"column":0},"end":{"line":35,"column":19}}},"fnMap":{"0":{"name":"Faq","decl":{"start":{"line":19,"column":9},"end":{"line":19,"column":12}},"loc":{"start":{"line":19,"column":12},"end":{"line":33,"column":1}}},"1":{"name":"(anonymous_1)","decl":{"start":{"line":26,"column":33},"end":{"line":26,"column":34}},"loc":{"start":{"line":27,"column":24},"end":{"line":27,"column":62}}}},"branchMap":{},"s":{"0":0,"1":0,"2":0,"3":0,"4":0,"5":0,"6":0},"f":{"0":0,"1":0},"b":{}}
,"/Users/hus/projects/t1-project/src/components/Organisms/Footer/Footer.tsx": {"path":"/Users/hus/projects/t1-project/src/components/Organisms/Footer/Footer.tsx","statementMap":{"0":{"start":{"line":1,"column":0},"end":{"line":1,"column":40}},"1":{"start":{"line":2,"column":0},"end":{"line":2,"column":29}},"2":{"start":{"line":3,"column":0},"end":{"line":3,"column":42}},"3":{"start":{"line":4,"column":0},"end":{"line":4,"column":53}},"4":{"start":{"line":6,"column":15},"end":{"line":26,"column":2}},"5":{"start":{"line":7,"column":4},"end":{"line":25,"column":6}},"6":{"start":{"line":28,"column":0},"end":{"line":28,"column":22}}},"fnMap":{"0":{"name":"(anonymous_0)","decl":{"start":{"line":6,"column":20},"end":{"line":6,"column":23}},"loc":{"start":{"line":6,"column":25},"end":{"line":26,"column":1}}}},"branchMap":{},"s":{"0":0,"1":0,"2":0,"3":0,"4":0,"5":0,"6":0},"f":{"0":0},"b":{}}
,"/Users/hus/projects/t1-project/src/components/Organisms/Header/Header.tsx": {"path":"/Users/hus/projects/t1-project/src/components/Organisms/Header/Header.tsx","statementMap":{"0":{"start":{"line":1,"column":0},"end":{"line":1,"column":47}},"1":{"start":{"line":2,"column":0},"end":{"line":2,"column":50}},"2":{"start":{"line":3,"column":0},"end":{"line":3,"column":56}},"3":{"start":{"line":4,"column":0},"end":{"line":4,"column":42}},"4":{"start":{"line":5,"column":0},"end":{"line":5,"column":42}},"5":{"start":{"line":11,"column":15},"end":{"line":33,"column":2}},"6":{"start":{"line":12,"column":21},"end":{"line":12,"column":34}},"7":{"start":{"line":13,"column":44},"end":{"line":13,"column":58}},"8":{"start":{"line":15,"column":4},"end":{"line":17,"column":28}},"9":{"start":{"line":16,"column":8},"end":{"line":16,"column":56}},"10":{"start":{"line":16,"column":29},"end":{"line":16,"column":54}},"11":{"start":{"line":19,"column":4},"end":{"line":32,"column":6}},"12":{"start":{"line":35,"column":0},"end":{"line":35,"column":22}}},"fnMap":{"0":{"name":"(anonymous_0)","decl":{"start":{"line":11,"column":20},"end":{"line":11,"column":21}},"loc":{"start":{"line":11,"column":50},"end":{"line":33,"column":1}}},"1":{"name":"(anonymous_1)","decl":{"start":{"line":15,"column":14},"end":{"line":15,"column":17}},"loc":{"start":{"line":15,"column":19},"end":{"line":17,"column":5}}},"2":{"name":"(anonymous_2)","decl":{"start":{"line":16,"column":23},"end":{"line":16,"column":26}},"loc":{"start":{"line":16,"column":29},"end":{"line":16,"column":54}}}},"branchMap":{"0":{"loc":{"start":{"line":22,"column":16},"end":{"line":22,"column":null}},"type":"cond-expr","locations":[{"start":{"line":22,"column":32},"end":{"line":22,"column":34}},{"start":{"line":22,"column":37},"end":{"line":22,"column":null}}]},"1":{"loc":{"start":{"line":27,"column":17},"end":{"line":28,"column":null}},"type":"binary-expr","locations":[{"start":{"line":27,"column":17},"end":{"line":27,"column":30}},{"start":{"line":28,"column":20},"end":{"line":28,"column":66}}]}},"s":{"0":0,"1":0,"2":0,"3":0,"4":0,"5":0,"6":0,"7":0,"8":0,"9":0,"10":0,"11":0,"12":0},"f":{"0":0,"1":0,"2":0},"b":{"0":[0,0],"1":[0,0]}}
,"/Users/hus/projects/t1-project/src/components/Organisms/Hero/Hero.tsx": {"path":"/Users/hus/projects/t1-project/src/components/Organisms/Hero/Hero.tsx","statementMap":{"0":{"start":{"line":1,"column":0},"end":{"line":1,"column":65}},"1":{"start":{"line":2,"column":0},"end":{"line":2,"column":40}},"2":{"start":{"line":5,"column":4},"end":{"line":25,"column":6}},"3":{"start":{"line":28,"column":0},"end":{"line":28,"column":20}}},"fnMap":{"0":{"name":"Hero","decl":{"start":{"line":4,"column":9},"end":{"line":4,"column":13}},"loc":{"start":{"line":4,"column":13},"end":{"line":26,"column":1}}}},"branchMap":{},"s":{"0":0,"1":0,"2":0,"3":0},"f":{"0":0},"b":{}}
,"/Users/hus/projects/t1-project/src/components/Organisms/Products/Products.tsx": {"path":"/Users/hus/projects/t1-project/src/components/Organisms/Products/Products.tsx","statementMap":{"0":{"start":{"line":2,"column":0},"end":{"line":2,"column":44}},"1":{"start":{"line":3,"column":0},"end":{"line":3,"column":54}},"2":{"start":{"line":4,"column":0},"end":{"line":4,"column":51}},"3":{"start":{"line":5,"column":0},"end":{"line":5,"column":65}},"4":{"start":{"line":6,"column":0},"end":{"line":6,"column":44}},"5":{"start":{"line":7,"column":0},"end":{"line":7,"column":53}},"6":{"start":{"line":8,"column":0},"end":{"line":8,"column":50}},"7":{"start":{"line":11,"column":46},"end":{"line":11,"column":65}},"8":{"start":{"line":16,"column":8},"end":{"line":16,"column":42}},"9":{"start":{"line":17,"column":36},"end":{"line":17,"column":60}},"10":{"start":{"line":18,"column":50},"end":{"line":18,"column":74}},"11":{"start":{"line":20,"column":4},"end":{"line":24,"column":22}},"12":{"start":{"line":21,"column":8},"end":{"line":23,"column":9}},"13":{"start":{"line":22,"column":12},"end":{"line":22,"column":46}},"14":{"start":{"line":26,"column":32},"end":{"line":28,"column":5}},"15":{"start":{"line":27,"column":8},"end":{"line":27,"column":30}},"16":{"start":{"line":30,"column":35},"end":{"line":32,"column":5}},"17":{"start":{"line":31,"column":8},"end":{"line":31,"column":55}},"18":{"start":{"line":31,"column":40},"end":{"line":31,"column":53}},"19":{"start":{"line":34,"column":26},"end":{"line":34,"column":49}},"20":{"start":{"line":35,"column":32},"end":{"line":35,"column":64}},"21":{"start":{"line":36,"column":4},"end":{"line":66,"column":6}},"22":{"start":{"line":51,"column":28},"end":{"line":51,"column":74}},"23":{"start":{"line":69,"column":0},"end":{"line":69,"column":24}}},"fnMap":{"0":{"name":"Products","decl":{"start":{"line":10,"column":9},"end":{"line":10,"column":17}},"loc":{"start":{"line":10,"column":17},"end":{"line":67,"column":1}}},"1":{"name":"(anonymous_1)","decl":{"start":{"line":20,"column":14},"end":{"line":20,"column":17}},"loc":{"start":{"line":20,"column":19},"end":{"line":24,"column":5}}},"2":{"name":"(anonymous_2)","decl":{"start":{"line":26,"column":32},"end":{"line":26,"column":33}},"loc":{"start":{"line":26,"column":63},"end":{"line":28,"column":5}}},"3":{"name":"(anonymous_3)","decl":{"start":{"line":30,"column":35},"end":{"line":30,"column":44}},"loc":{"start":{"line":30,"column":46},"end":{"line":32,"column":5}}},"4":{"name":"(anonymous_4)","decl":{"start":{"line":31,"column":25},"end":{"line":31,"column":26}},"loc":{"start":{"line":31,"column":40},"end":{"line":31,"column":53}}},"5":{"name":"(anonymous_5)","decl":{"start":{"line":50,"column":38},"end":{"line":50,"column":39}},"loc":{"start":{"line":51,"column":28},"end":{"line":51,"column":74}}}},"branchMap":{"0":{"loc":{"start":{"line":21,"column":8},"end":{"line":23,"column":9}},"type":"if","locations":[{"start":{"line":21,"column":8},"end":{"line":23,"column":9}}]},"1":{"loc":{"start":{"line":34,"column":26},"end":{"line":34,"column":49}},"type":"binary-expr","locations":[{"start":{"line":34,"column":26},"end":{"line":34,"column":44}},{"start":{"line":34,"column":48},"end":{"line":34,"column":49}}]},"2":{"loc":{"start":{"line":43,"column":13},"end":{"line":63,"column":null}},"type":"cond-expr","locations":[{"start":{"line":44,"column":16},"end":{"line":44,"column":27}},{"start":{"line":45,"column":16},"end":{"line":63,"column":null}}]},"3":{"loc":{"start":{"line":43,"column":13},"end":{"line":43,"column":48}},"type":"binary-expr","locations":[{"start":{"line":43,"column":13},"end":{"line":43,"column":29}},{"start":{"line":43,"column":33},"end":{"line":43,"column":48}}]},"4":{"loc":{"start":{"line":45,"column":16},"end":{"line":63,"column":null}},"type":"cond-expr","locations":[{"start":{"line":46,"column":16},"end":{"line":46,"column":48}},{"start":{"line":48,"column":16},"end":{"line":62,"column":null}}]},"5":{"loc":{"start":{"line":54,"column":21},"end":{"line":61,"column":null}},"type":"binary-expr","locations":[{"start":{"line":54,"column":21},"end":{"line":54,"column":41}},{"start":{"line":55,"column":24},"end":{"line":60,"column":null}}]}},"s":{"0":0,"1":0,"2":0,"3":0,"4":0,"5":0,"6":0,"7":0,"8":0,"9":0,"10":0,"11":0,"12":0,"13":0,"14":0,"15":0,"16":0,"17":0,"18":0,"19":0,"20":0,"21":0,"22":0,"23":0},"f":{"0":0,"1":0,"2":0,"3":0,"4":0,"5":0},"b":{"0":[0],"1":[0,0],"2":[0,0],"3":[0,0],"4":[0,0],"5":[0,0]}}
,"/Users/hus/projects/t1-project/src/components/Pages/Home/Home.tsx": {"path":"/Users/hus/projects/t1-project/src/components/Pages/Home/Home.tsx","statementMap":{"0":{"start":{"line":1,"column":0},"end":{"line":1,"column":60}},"1":{"start":{"line":2,"column":0},"end":{"line":2,"column":60}},"2":{"start":{"line":3,"column":0},"end":{"line":3,"column":54}},"3":{"start":{"line":4,"column":0},"end":{"line":4,"column":42}},"4":{"start":{"line":5,"column":0},"end":{"line":5,"column":45}},"5":{"start":{"line":6,"column":0},"end":{"line":6,"column":40}},"6":{"start":{"line":7,"column":0},"end":{"line":7,"column":69}},"7":{"start":{"line":8,"column":0},"end":{"line":8,"column":62}},"8":{"start":{"line":9,"column":0},"end":{"line":9,"column":40}},"9":{"start":{"line":10,"column":0},"end":{"line":10,"column":50}},"10":{"start":{"line":17,"column":21},"end":{"line":17,"column":34}},"11":{"start":{"line":18,"column":21},"end":{"line":18,"column":34}},"12":{"start":{"line":19,"column":38},"end":{"line":19,"column":52}},"13":{"start":{"line":20,"column":32},"end":{"line":20,"column":61}},"14":{"start":{"line":22,"column":24},"end":{"line":24,"column":6}},"15":{"start":{"line":26,"column":30},"end":{"line":40,"column":5}},"16":{"start":{"line":27,"column":8},"end":{"line":27,"column":27}},"17":{"start":{"line":28,"column":22},"end":{"line":28,"column":51}},"18":{"start":{"line":29,"column":8},"end":{"line":39,"column":9}},"19":{"start":{"line":30,"column":12},"end":{"line":38,"column":52}},"20":{"start":{"line":31,"column":32},"end":{"line":31,"column":50}},"21":{"start":{"line":33,"column":20},"end":{"line":33,"column":39}},"22":{"start":{"line":34,"column":20},"end":{"line":34,"column":53}},"23":{"start":{"line":35,"column":20},"end":{"line":35,"column":39}},"24":{"start":{"line":36,"column":20},"end":{"line":36,"column":41}},"25":{"start":{"line":38,"column":31},"end":{"line":38,"column":50}},"26":{"start":{"line":42,"column":4},"end":{"line":44,"column":11}},"27":{"start":{"line":43,"column":8},"end":{"line":43,"column":28}},"28":{"start":{"line":46,"column":25},"end":{"line":59,"column":5}},"29":{"start":{"line":47,"column":21},"end":{"line":47,"column":41}},"30":{"start":{"line":48,"column":8},"end":{"line":58,"column":9}},"31":{"start":{"line":49,"column":28},"end":{"line":49,"column":70}},"32":{"start":{"line":50,"column":12},"end":{"line":52,"column":13}},"33":{"start":{"line":51,"column":16},"end":{"line":51,"column":63}},"34":{"start":{"line":53,"column":12},"end":{"line":57,"column":14}},"35":{"start":{"line":61,"column":4},"end":{"line":63,"column":19}},"36":{"start":{"line":62,"column":8},"end":{"line":62,"column":23}},"37":{"start":{"line":65,"column":4},"end":{"line":86,"column":6}},"38":{"start":{"line":89,"column":0},"end":{"line":89,"column":20}}},"fnMap":{"0":{"name":"Home","decl":{"start":{"line":16,"column":9},"end":{"line":16,"column":13}},"loc":{"start":{"line":16,"column":40},"end":{"line":87,"column":1}}},"1":{"name":"(anonymous_1)","decl":{"start":{"line":26,"column":30},"end":{"line":26,"column":33}},"loc":{"start":{"line":26,"column":35},"end":{"line":40,"column":5}}},"2":{"name":"(anonymous_2)","decl":{"start":{"line":31,"column":22},"end":{"line":31,"column":23}},"loc":{"start":{"line":31,"column":32},"end":{"line":31,"column":50}}},"3":{"name":"(anonymous_3)","decl":{"start":{"line":32,"column":23},"end":{"line":32,"column":24}},"loc":{"start":{"line":32,"column":33},"end":{"line":37,"column":17}}},"4":{"name":"(anonymous_4)","decl":{"start":{"line":38,"column":25},"end":{"line":38,"column":28}},"loc":{"start":{"line":38,"column":31},"end":{"line":38,"column":50}}},"5":{"name":"(anonymous_5)","decl":{"start":{"line":42,"column":14},"end":{"line":42,"column":17}},"loc":{"start":{"line":42,"column":19},"end":{"line":44,"column":5}}},"6":{"name":"(anonymous_6)","decl":{"start":{"line":46,"column":25},"end":{"line":46,"column":28}},"loc":{"start":{"line":46,"column":30},"end":{"line":59,"column":5}}},"7":{"name":"(anonymous_7)","decl":{"start":{"line":61,"column":14},"end":{"line":61,"column":17}},"loc":{"start":{"line":61,"column":19},"end":{"line":63,"column":5}}}},"branchMap":{"0":{"loc":{"start":{"line":29,"column":8},"end":{"line":39,"column":9}},"type":"if","locations":[{"start":{"line":29,"column":8},"end":{"line":39,"column":9}}]},"1":{"loc":{"start":{"line":48,"column":8},"end":{"line":58,"column":9}},"type":"if","locations":[{"start":{"line":48,"column":8},"end":{"line":58,"column":9}}]},"2":{"loc":{"start":{"line":50,"column":12},"end":{"line":52,"column":13}},"type":"if","locations":[{"start":{"line":50,"column":12},"end":{"line":52,"column":13}}]},"3":{"loc":{"start":{"line":68,"column":17},"end":{"line":77,"column":null}},"type":"cond-expr","locations":[{"start":{"line":69,"column":20},"end":{"line":70,"column":null}},{"start":{"line":73,"column":20},"end":{"line":76,"column":null}}]},"4":{"loc":{"start":{"line":79,"column":17},"end":{"line":82,"column":null}},"type":"binary-expr","locations":[{"start":{"line":79,"column":17},"end":{"line":79,"column":24}},{"start":{"line":80,"column":20},"end":{"line":81,"column":null}}]}},"s":{"0":0,"1":0,"2":0,"3":0,"4":0,"5":0,"6":0,"7":0,"8":0,"9":0,"10":0,"11":0,"12":0,"13":0,"14":0,"15":0,"16":0,"17":0,"18":0,"19":0,"20":0,"21":0,"22":0,"23":0,"24":0,"25":0,"26":0,"27":0,"28":0,"29":0,"30":0,"31":0,"32":0,"33":0,"34":0,"35":0,"36":0,"37":0,"38":0},"f":{"0":0,"1":0,"2":0,"3":0,"4":0,"5":0,"6":0,"7":0},"b":{"0":[0],"1":[0],"2":[0],"3":[0,0],"4":[0,0]}}
,"/Users/hus/projects/t1-project/src/components/Pages/LogIn/LogIn.tsx": {"path":"/Users/hus/projects/t1-project/src/components/Pages/LogIn/LogIn.tsx","statementMap":{"0":{"start":{"line":1,"column":0},"end":{"line":1,"column":72}},"1":{"start":{"line":2,"column":0},"end":{"line":2,"column":65}},"2":{"start":{"line":3,"column":0},"end":{"line":3,"column":41}},"3":{"start":{"line":4,"column":0},"end":{"line":4,"column":44}},"4":{"start":{"line":5,"column":0},"end":{"line":5,"column":null}},"5":{"start":{"line":13,"column":0},"end":{"line":13,"column":40}},"6":{"start":{"line":15,"column":0},"end":{"line":15,"column":47}},"7":{"start":{"line":21,"column":14},"end":{"line":80,"column":2}},"8":{"start":{"line":22,"column":21},"end":{"line":22,"column":34}},"9":{"start":{"line":23,"column":28},"end":{"line":26,"column":6}},"10":{"start":{"line":28,"column":24},"end":{"line":33,"column":10}},"11":{"start":{"line":29,"column":8},"end":{"line":32,"column":12}},"12":{"start":{"line":29,"column":27},"end":{"line":32,"column":10}},"13":{"start":{"line":35,"column":25},"end":{"line":46,"column":5}},"14":{"start":{"line":36,"column":8},"end":{"line":36,"column":31}},"15":{"start":{"line":37,"column":8},"end":{"line":45,"column":9}},"16":{"start":{"line":38,"column":40},"end":{"line":38,"column":61}},"17":{"start":{"line":39,"column":12},"end":{"line":39,"column":62}},"18":{"start":{"line":40,"column":12},"end":{"line":40,"column":30}},"19":{"start":{"line":41,"column":12},"end":{"line":41,"column":45}},"20":{"start":{"line":43,"column":12},"end":{"line":43,"column":31}},"21":{"start":{"line":44,"column":12},"end":{"line":44,"column":53}},"22":{"start":{"line":48,"column":4},"end":{"line":79,"column":6}},"23":{"start":{"line":56,"column":41},"end":{"line":56,"column":56}},"24":{"start":{"line":82,"column":0},"end":{"line":82,"column":21}}},"fnMap":{"0":{"name":"(anonymous_0)","decl":{"start":{"line":21,"column":19},"end":{"line":21,"column":20}},"loc":{"start":{"line":21,"column":51},"end":{"line":80,"column":1}}},"1":{"name":"(anonymous_1)","decl":{"start":{"line":28,"column":36},"end":{"line":28,"column":37}},"loc":{"start":{"line":28,"column":77},"end":{"line":33,"column":5}}},"2":{"name":"(anonymous_2)","decl":{"start":{"line":29,"column":16},"end":{"line":29,"column":17}},"loc":{"start":{"line":29,"column":27},"end":{"line":32,"column":10}}},"3":{"name":"(anonymous_3)","decl":{"start":{"line":35,"column":25},"end":{"line":35,"column":30}},"loc":{"start":{"line":35,"column":52},"end":{"line":46,"column":5}}},"4":{"name":"(anonymous_4)","decl":{"start":{"line":56,"column":34},"end":{"line":56,"column":35}},"loc":{"start":{"line":56,"column":41},"end":{"line":56,"column":56}}}},"branchMap":{},"s":{"0":0,"1":0,"2":0,"3":0,"4":0,"5":0,"6":0,"7":0,"8":0,"9":0,"10":0,"11":0,"12":0,"13":0,"14":0,"15":0,"16":0,"17":0,"18":0,"19":0,"20":0,"21":0,"22":0,"23":0,"24":0},"f":{"0":0,"1":0,"2":0,"3":0,"4":0},"b":{}}
,"/Users/hus/projects/t1-project/src/components/Pages/MyCart/MyCart.tsx": {"path":"/Users/hus/projects/t1-project/src/components/Pages/MyCart/MyCart.tsx","statementMap":{"0":{"start":{"line":1,"column":0},"end":{"line":1,"column":62}},"1":{"start":{"line":2,"column":0},"end":{"line":2,"column":42}},"2":{"start":{"line":4,"column":0},"end":{"line":4,"column":56}},"3":{"start":{"line":5,"column":0},"end":{"line":5,"column":69}},"4":{"start":{"line":6,"column":0},"end":{"line":6,"column":42}},"5":{"start":{"line":7,"column":0},"end":{"line":7,"column":69}},"6":{"start":{"line":8,"column":0},"end":{"line":8,"column":60}},"7":{"start":{"line":9,"column":0},"end":{"line":9,"column":47}},"8":{"start":{"line":10,"column":0},"end":{"line":10,"column":40}},"9":{"start":{"line":11,"column":0},"end":{"line":11,"column":50}},"10":{"start":{"line":18,"column":17},"end":{"line":18,"column":62}},"11":{"start":{"line":18,"column":51},"end":{"line":18,"column":61}},"12":{"start":{"line":20,"column":21},"end":{"line":20,"column":34}},"13":{"start":{"line":21,"column":38},"end":{"line":21,"column":52}},"14":{"start":{"line":22,"column":32},"end":{"line":22,"column":61}},"15":{"start":{"line":23,"column":24},"end":{"line":24,"column":null}},"16":{"start":{"line":27,"column":24},"end":{"line":29,"column":6}},"17":{"start":{"line":31,"column":30},"end":{"line":45,"column":5}},"18":{"start":{"line":32,"column":8},"end":{"line":32,"column":27}},"19":{"start":{"line":33,"column":22},"end":{"line":33,"column":51}},"20":{"start":{"line":34,"column":8},"end":{"line":44,"column":9}},"21":{"start":{"line":35,"column":12},"end":{"line":43,"column":52}},"22":{"start":{"line":36,"column":32},"end":{"line":36,"column":50}},"23":{"start":{"line":38,"column":20},"end":{"line":38,"column":39}},"24":{"start":{"line":39,"column":20},"end":{"line":39,"column":53}},"25":{"start":{"line":40,"column":20},"end":{"line":40,"column":39}},"26":{"start":{"line":41,"column":20},"end":{"line":41,"column":41}},"27":{"start":{"line":43,"column":31},"end":{"line":43,"column":50}},"28":{"start":{"line":46,"column":4},"end":{"line":48,"column":11}},"29":{"start":{"line":47,"column":8},"end":{"line":47,"column":28}},"30":{"start":{"line":50,"column":4},"end":{"line":63,"column":5}},"31":{"start":{"line":51,"column":8},"end":{"line":62,"column":10}},"32":{"start":{"line":64,"column":4},"end":{"line":77,"column":5}},"33":{"start":{"line":65,"column":8},"end":{"line":76,"column":10}},"34":{"start":{"line":79,"column":4},"end":{"line":101,"column":6}},"35":{"start":{"line":104,"column":0},"end":{"line":104,"column":22}}},"fnMap":{"0":{"name":"MyCart","decl":{"start":{"line":17,"column":9},"end":{"line":17,"column":15}},"loc":{"start":{"line":17,"column":44},"end":{"line":102,"column":1}}},"1":{"name":"(anonymous_1)","decl":{"start":{"line":18,"column":29},"end":{"line":18,"column":30}},"loc":{"start":{"line":18,"column":51},"end":{"line":18,"column":61}}},"2":{"name":"(anonymous_2)","decl":{"start":{"line":31,"column":30},"end":{"line":31,"column":33}},"loc":{"start":{"line":31,"column":35},"end":{"line":45,"column":5}}},"3":{"name":"(anonymous_3)","decl":{"start":{"line":36,"column":22},"end":{"line":36,"column":23}},"loc":{"start":{"line":36,"column":32},"end":{"line":36,"column":50}}},"4":{"
[...]
{"line":71,"column":16},"end":{"line":71,"column":56}},"48":{"start":{"line":72,"column":16},"end":{"line":72,"column":49}},"49":{"start":{"line":73,"column":16},"end":{"line":76,"column":25}},"50":{"start":{"line":74,"column":20},"end":{"line":74,"column":54}},"51":{"start":{"line":75,"column":20},"end":{"line":75,"column":40}},"52":{"start":{"line":77,"column":16},"end":{"line":77,"column":37}},"53":{"start":{"line":79,"column":27},"end":{"line":79,"column":54}},"54":{"start":{"line":82,"column":4},"end":{"line":92,"column":5}},"55":{"start":{"line":83,"column":8},"end":{"line":91,"column":10}},"56":{"start":{"line":93,"column":4},"end":{"line":103,"column":5}},"57":{"start":{"line":94,"column":8},"end":{"line":102,"column":10}},"58":{"start":{"line":105,"column":4},"end":{"line":115,"column":5}},"59":{"start":{"line":106,"column":8},"end":{"line":114,"column":10}},"60":{"start":{"line":126,"column":8},"end":{"line":126,"column":15}},"61":{"start":{"line":128,"column":26},"end":{"line":136,"column":6}},"62":{"start":{"line":138,"column":34},"end":{"line":141,"column":5}},"63":{"start":{"line":139,"column":24},"end":{"line":139,"column":70}},"64":{"start":{"line":139,"column":55},"end":{"line":139,"column":69}},"65":{"start":{"line":140,"column":8},"end":{"line":140,"column":45}},"66":{"start":{"line":143,"column":33},"end":{"line":148,"column":5}},"67":{"start":{"line":144,"column":24},"end":{"line":145,"column":null}},"68":{"start":{"line":145,"column":12},"end":{"line":145,"column":73}},"69":{"start":{"line":147,"column":8},"end":{"line":147,"column":45}},"70":{"start":{"line":150,"column":33},"end":{"line":155,"column":5}},"71":{"start":{"line":151,"column":24},"end":{"line":152,"column":null}},"72":{"start":{"line":152,"column":12},"end":{"line":152,"column":73}},"73":{"start":{"line":154,"column":8},"end":{"line":154,"column":45}},"74":{"start":{"line":157,"column":32},"end":{"line":160,"column":5}},"75":{"start":{"line":158,"column":24},"end":{"line":158,"column":51}},"76":{"start":{"line":159,"column":8},"end":{"line":159,"column":45}},"77":{"start":{"line":161,"column":4},"end":{"line":225,"column":6}},"78":{"start":{"line":228,"column":0},"end":{"line":228,"column":26}}},"fnMap":{"0":{"name":"OneProduct","decl":{"start":{"line":21,"column":9},"end":{"line":21,"column":19}},"loc":{"start":{"line":21,"column":52},"end":{"line":226,"column":1}}},"1":{"name":"(anonymous_1)","decl":{"start":{"line":30,"column":29},"end":{"line":30,"column":30}},"loc":{"start":{"line":30,"column":51},"end":{"line":30,"column":61}}},"2":{"name":"(anonymous_2)","decl":{"start":{"line":31,"column":36},"end":{"line":31,"column":37}},"loc":{"start":{"line":32,"column":8},"end":{"line":32,"column":66}}},"3":{"name":"(anonymous_3)","decl":{"start":{"line":32,"column":33},"end":{"line":32,"column":34}},"loc":{"start":{"line":32,"column":43},"end":{"line":32,"column":65}}},"4":{"name":"(anonymous_4)","decl":{"start":{"line":45,"column":30},"end":{"line":45,"column":33}},"loc":{"start":{"line":45,"column":35},"end":{"line":59,"column":5}}},"5":{"name":"(anonymous_5)","decl":{"start":{"line":50,"column":22},"end":{"line":50,"column":23}},"loc":{"start":{"line":50,"column":32},"end":{"line":50,"column":50}}},"6":{"name":"(anonymous_6)","decl":{"start":{"line":51,"column":23},"end":{"line":51,"column":24}},"loc":{"start":{"line":51,"column":33},"end":{"line":56,"column":17}}},"7":{"name":"(anonymous_7)","decl":{"start":{"line":57,"column":25},"end":{"line":57,"column":28}},"loc":{"start":{"line":57,"column":31},"end":{"line":57,"column":50}}},"8":{"name":"(anonymous_8)","decl":{"start":{"line":60,"column":14},"end":{"line":60,"column":17}},"loc":{"start":{"line":60,"column":19},"end":{"line":62,"column":5}}},"9":{"name":"(anonymous_9)","decl":{"start":{"line":64,"column":31},"end":{"line":64,"column":32}},"loc":{"start":{"line":64,"column":60},"end":{"line":80,"column":5}}},"10":{"name":"(anonymous_10)","decl":{"start":{"line":67,"column":18},"end":{"line":67,"column":19}},"loc":{"start":{"line":67,"column":27},"end":{"line":69,"column":13}}},"11":{"name":"(anonymous_11)","decl":{"start":{"line":70,"column":19},"end":{"line":70,"column":20}},"loc":{"start":{"line":70,"column":29},"end":{"line":78,"column":13}}},"12":{"name":"(anonymous_12)","decl":{"start":{"line":73,"column":27},"end":{"line":73,"column":30}},"loc":{"start":{"line":73,"column":32},"end":{"line":76,"column":17}}},"13":{"name":"(anonymous_13)","decl":{"start":{"line":79,"column":21},"end":{"line":79,"column":24}},"loc":{"start":{"line":79,"column":27},"end":{"line":79,"column":54}}},"14":{"name":"(anonymous_14)","decl":{"start":{"line":138,"column":34},"end":{"line":138,"column":35}},"loc":{"start":{"line":138,"column":49},"end":{"line":141,"column":5}}},"15":{"name":"(anonymous_15)","decl":{"start":{"line":139,"column":45},"end":{"line":139,"column":46}},"loc":{"start":{"line":139,"column":55},"end":{"line":139,"column":69}}},"16":{"name":"(anonymous_16)","decl":{"start":{"line":143,"column":33},"end":{"line":143,"column":34}},"loc":{"start":{"line":143,"column":51},"end":{"line":148,"column":5}}},"17":{"name":"(anonymous_17)","decl":{"start":{"line":144,"column":42},"end":{"line":144,"column":43}},"loc":{"start":{"line":145,"column":12},"end":{"line":145,"column":73}}},"18":{"name":"(anonymous_18)","decl":{"start":{"line":150,"column":33},"end":{"line":150,"column":34}},"loc":{"start":{"line":150,"column":51},"end":{"line":155,"column":5}}},"19":{"name":"(anonymous_19)","decl":{"start":{"line":151,"column":42},"end":{"line":151,"column":43}},"loc":{"start":{"line":152,"column":12},"end":{"line":152,"column":73}}},"20":{"name":"(anonymous_20)","decl":{"start":{"line":157,"column":32},"end":{"line":157,"column":35}},"loc":{"start":{"line":157,"column":37},"end":{"line":160,"column":5}}}},"branchMap":{"0":{"loc":{"start":{"line":48,"column":8},"end":{"line":58,"column":9}},"type":"if","locations":[{"start":{"line":48,"column":8},"end":{"line":58,"column":9}}]},"1":{"loc":{"start":{"line":82,"column":4},"end":{"line":92,"column":5}},"type":"if","locations":[{"start":{"line":82,"column":4},"end":{"line":92,"column":5}}]},"2":{"loc":{"start":{"line":93,"column":4},"end":{"line":103,"column":5}},"type":"if","locations":[{"start":{"line":93,"column":4},"end":{"line":103,"column":5}}]},"3":{"loc":{"start":{"line":105,"column":4},"end":{"line":115,"column":5}},"type":"if","locations":[{"start":{"line":105,"column":4},"end":{"line":115,"column":5}}]},"4":{"loc":{"start":{"line":145,"column":12},"end":{"line":145,"column":73}},"type":"cond-expr","locations":[{"start":{"line":145,"column":38},"end":{"line":145,"column":66}},{"start":{"line":145,"column":69},"end":{"line":145,"column":73}}]},"5":{"loc":{"start":{"line":152,"column":12},"end":{"line":152,"column":73}},"type":"cond-expr","locations":[{"start":{"line":152,"column":38},"end":{"line":152,"column":66}},{"start":{"line":152,"column":69},"end":{"line":152,"column":73}}]},"6":{"loc":{"start":{"line":163,"column":13},"end":{"line":164,"column":null}},"type":"binary-expr","locations":[{"start":{"line":163,"column":13},"end":{"line":163,"column":36}},{"start":{"line":164,"column":16},"end":{"line":164,"column":63}}]},"7":{"loc":{"start":{"line":167,"column":17},"end":{"line":221,"column":null}},"type":"cond-expr","locations":[{"start":{"line":168,"column":20},"end":{"line":168,"column":31}},{"start":{"line":170,"column":20},"end":{"line":220,"column":null}}]},"8":{"loc":{"start":{"line":195,"column":33},"end":{"line":217,"column":null}},"type":"cond-expr","locations":[{"start":{"line":196,"column":36},"end":{"line":196,"column":47}},{"start":{"line":197,"column":36},"end":{"line":217,"column":null}}]},"9":{"loc":{"start":{"line":197,"column":36},"end":{"line":217,"column":null}},"type":"cond-expr","locations":[{"start":{"line":198,"column":36},"end":{"line":209,"column":null}},{"start":{"line":213,"column":36},"end":{"line":216,"column":null}}]}},"s":{"0":0,"1":0,"2":0,"3":0,"4":0,"5":0,"6":0,"7":0,"8":0,"9":0,"10":0,"11":0,"12":0,"13":0,"14":0,"15":0,"16":0,"17":0,"18":0,"19":0,"20":0,"21":0,"22":0,"23":0,"24":0,"25":0,"26":0,"27":0,"28":0,"29":0,"30":0,"31":0,"32":0,"33":0,"34":0,"35":0,"36":0,"37":0,"38":0,"39":0,"40":0,"41":0,"42":0,"43":0,"44":0,"45":0,"46":0,"47":0,"48":0,"49":0,"50":0,"51":0,"52":0,"53":0,"54":0,"55":0,"56":0,"57":0,"58":0,"59":0,"60":0,"61":0,"62":0,"63":0,"64":0,"65":0,"66":0,"67":0,"68":0,"69":0,"70":0,"71":0,"72":0,"73":0,"74":0,"75":0,"76":0,"77":0,"78":0},"f":{"0":0,"1":0,"2":0,"3":0,"4":0,"5":0,"6":0,"7":0,"8":0,"9":0,"10":0,"11":0,"12":0,"13":0,"14":0,"15":0,"16":0,"17":0,"18":0,"19":0,"20":0},"b":{"0":[0],"1":[0],"2":[0],"3":[0],"4":[0,0],"5":[0,0],"6":[0,0],"7":[0,0],"8":[0,0],"9":[0,0]}}
,"/Users/hus/projects/t1-project/src/components/Templates/LogInTemplate/LogInTemplate.tsx": {"path":"/Users/hus/projects/t1-project/src/components/Templates/LogInTemplate/LogInTemplate.tsx","statementMap":{"0":{"start":{"line":2,"column":0},"end":{"line":2,"column":51}},"1":{"start":{"line":3,"column":0},"end":{"line":3,"column":49}},"2":{"start":{"line":9,"column":22},"end":{"line":16,"column":1}},"3":{"start":{"line":10,"column":4},"end":{"line":15,"column":6}},"4":{"start":{"line":18,"column":0},"end":{"line":18,"column":29}}},"fnMap":{"0":{"name":"(anonymous_0)","decl":{"start":{"line":9,"column":22},"end":{"line":9,"column":23}},"loc":{"start":{"line":9,"column":59},"end":{"line":16,"column":1}}}},"branchMap":{},"s":{"0":0,"1":0,"2":0,"3":0,"4":0},"f":{"0":0},"b":{}}
,"/Users/hus/projects/t1-project/src/components/Templates/MainTemplate/MainTemplate.tsx": {"path":"/Users/hus/projects/t1-project/src/components/Templates/MainTemplate/MainTemplate.tsx","statementMap":{"0":{"start":{"line":2,"column":0},"end":{"line":2,"column":51}},"1":{"start":{"line":3,"column":0},"end":{"line":3,"column":52}},"2":{"start":{"line":4,"column":0},"end":{"line":4,"column":48}},"3":{"start":{"line":10,"column":21},"end":{"line":18,"column":1}},"4":{"start":{"line":11,"column":4},"end":{"line":17,"column":6}},"5":{"start":{"line":20,"column":0},"end":{"line":20,"column":28}}},"fnMap":{"0":{"name":"(anonymous_0)","decl":{"start":{"line":10,"column":21},"end":{"line":10,"column":22}},"loc":{"start":{"line":10,"column":57},"end":{"line":18,"column":1}}}},"branchMap":{},"s":{"0":0,"1":0,"2":0,"3":0,"4":0,"5":0},"f":{"0":0},"b":{}}
,"/Users/hus/projects/t1-project/src/components/Templates/NotFoundTemplate/NotFoundTemplate.tsx": {"path":"/Users/hus/projects/t1-project/src/components/Templates/NotFoundTemplate/NotFoundTemplate.tsx","statementMap":{"0":{"start":{"line":2,"column":0},"end":{"line":2,"column":52}},"1":{"start":{"line":3,"column":0},"end":{"line":3,"column":51}},"2":{"start":{"line":4,"column":0},"end":{"line":4,"column":51}},"3":{"start":{"line":10,"column":25},"end":{"line":18,"column":1}},"4":{"start":{"line":11,"column":4},"end":{"line":17,"column":6}},"5":{"start":{"line":20,"column":0},"end":{"line":20,"column":32}}},"fnMap":{"0":{"name":"(anonymous_0)","decl":{"start":{"line":10,"column":25},"end":{"line":10,"column":26}},"loc":{"start":{"line":10,"column":65},"end":{"line":18,"column":1}}}},"branchMap":{},"s":{"0":0,"1":0,"2":0,"3":0,"4":0,"5":0},"f":{"0":0},"b":{}}
,"/Users/hus/projects/t1-project/src/hooks/useDebouncedFunction.ts": {"path":"/Users/hus/projects/t1-project/src/hooks/useDebouncedFunction.ts","statementMap":{"0":{"start":{"line":1,"column":0},"end":{"line":1,"column":42}},"1":{"start":{"line":10,"column":23},"end":{"line":10,"column":60}},"2":{"start":{"line":13,"column":8},"end":{"line":16,"column":9}},"3":{"start":{"line":14,"column":12},"end":{"line":14,"column":45}},"4":{"start":{"line":15,"column":12},"end":{"line":15,"column":43}},"5":{"start":{"line":19,"column":4},"end":{"line":19,"column":67}},"6":{"start":{"line":19,"column":21},"end":{"line":19,"column":53}},"7":{"start":{"line":21,"column":4},"end":{"line":24,"column":6}},"8":{"start":{"line":22,"column":8},"end":{"line":22,"column":21}},"9":{"start":{"line":23,"column":8},"end":{"line":23,"column":75}},"10":{"start":{"line":23,"column":53},"end":{"line":23,"column":66}},"11":{"start":{"line":3,"column":0},"end":{"line":3,"column":24}}},"fnMap":{"0":{"name":"useDebouncedFunction","decl":{"start":{"line":3,"column":24},"end":{"line":3,"column":44}},"loc":{"start":{"line":8,"column":28},"end":{"line":25,"column":1}}},"1":{"name":"clearTimer","decl":{"start":{"line":12,"column":13},"end":{"line":12,"column":23}},"loc":{"start":{"line":12,"column":23},"end":{"line":17,"column":5}}},"2":{"name":"(anonymous_2)","decl":{"start":{"line":19,"column":14},"end":{"line":19,"column":17}},"loc":{"start":{"line":19,"column":21},"end":{"line":19,"column":53}}},"3":{"name":"(anonymous_3)","decl":{"start":{"line":21,"column":11},"end":{"line":21,"column":12}},"loc":{"start":{"line":21,"column":38},"end":{"line":24,"column":5}}},"4":{"name":"(anonymous_4)","decl":{"start":{"line":23,"column":47},"end":{"line":23,"column":50}},"loc":{"start":{"line":23,"column":53},"end":{"line":23,"column":66}}}},"branchMap":{"0":{"loc":{"start":{"line":8,"column":4},"end":{"line":8,"column":28}},"type":"default-arg","locations":[{"start":{"line":8,"column":23},"end":{"line":8,"column":28}}]},"1":{"loc":{"start":{"line":13,"column":8},"end":{"line":16,"column":9}},"type":"if","locations":[{"start":{"line":13,"column":8},"end":{"line":16,"column":9}}]},"2":{"loc":{"start":{"line":19,"column":21},"end":{"line":19,"column":53}},"type":"cond-expr","locations":[{"start":{"line":19,"column":31},"end":{"line":19,"column":41}},{"start":{"line":19,"column":44},"end":{"line":19,"column":53}}]}},"s":{"0":0,"1":0,"2":0,"3":0,"4":0,"5":0,"6":0,"7":0,"8":0,"9":0,"10":0,"11":0},"f":{"0":0,"1":0,"2":0,"3":0,"4":0},"b":{"0":[0],"1":[0],"2":[0,0]}}
,"/Users/hus/projects/t1-project/src/store/index.ts": {"path":"/Users/hus/projects/t1-project/src/store/index.ts","statementMap":{"0":{"start":{"line":1,"column":0},"end":{"line":1,"column":24}},"1":{"start":{"line":2,"column":0},"end":{"line":2,"column":34}}},"fnMap":{},"branchMap":{},"s":{"0":0,"1":0},"f":{},"b":{}}
,"/Users/hus/projects/t1-project/src/store/store.ts": {"path":"/Users/hus/projects/t1-project/src/store/store.ts","statementMap":{"0":{"start":{"line":1,"column":0},"end":{"line":1,"column":50}},"1":{"start":{"line":2,"column":0},"end":{"line":2,"column":73}},"2":{"start":{"line":3,"column":0},"end":{"line":3,"column":48}},"3":{"start":{"line":4,"column":0},"end":{"line":4,"column":42}},"4":{"start":{"line":5,"column":13},"end":{"line":16,"column":3}},"5":{"start":{"line":12,"column":8},"end":{"line":14,"column":null}}},"fnMap":{"0":{"name":"(anonymous_0)","decl":{"start":{"line":11,"column":16},"end":{"line":11,"column":17}},"loc":{"start":{"line":12,"column":8},"end":{"line":14,"column":null}}}},"branchMap":{},"s":{"0":0,"1":0,"2":0,"3":0,"4":0,"5":0},"f":{"0":0},"b":{}}
,"/Users/hus/projects/t1-project/src/store/api/cartsApi.ts": {"path":"/Users/hus/projects/t1-project/src/store/api/cartsApi.ts","statementMap":{"0":{"start":{"line":1,"column":0},"end":{"line":1,"column":73}},"1":{"start":{"line":3,"column":13},"end":{"line":14,"column":3}},"2":{"start":{"line":6,"column":27},"end":{"line":13,"column":6}},"3":{"start":{"line":8,"column":27},"end":{"line":8,"column":41}},"4":{"start":{"line":11,"column":27},"end":{"line":11,"column":46}},"5":{"start":{"line":16,"column":15},"end":{"line":16,"column":62}}},"fnMap":{"0":{"name":"(anonymous_0)","decl":{"start":{"line":6,"column":15},"end":{"line":6,"column":16}},"loc":{"start":{"line":6,"column":27},"end":{"line":13,"column":6}}},"1":{"name":"(anonymous_1)","decl":{"start":{"line":8,"column":19},"end":{"line":8,"column":20}},"loc":{"start":{"line":8,"column":27},"end":{"line":8,"column":41}}},"2":{"name":"(anonymous_2)","decl":{"start":{"line":11,"column":19},"end":{"line":11,"column":20}},"loc":{"start":{"line":11,"column":27},"end":{"line":11,"column":46}}}},"branchMap":{},"s":{"0":0,"1":0,"2":0,"3":0,"4":0,"5":0},"f":{"0":0,"1":0,"2":0},"b":{}}
,"/Users/hus/projects/t1-project/src/store/api/productsApi.ts": {"path":"/Users/hus/projects/t1-project/src/store/api/productsApi.ts","statementMap":{"0":{"start":{"line":1,"column":0},"end":{"line":1,"column":73}},"1":{"start":{"line":4,"column":13},"end":{"line":30,"column":3}},"2":{"start":{"line":8,"column":27},"end":{"line":29,"column":6}},"3":{"start":{"line":10,"column":30},"end":{"line":10,"column":56}},"4":{"start":{"line":12,"column":16},"end":{"line":20,"column":65}},"5":{"start":{"line":14,"column":62},"end":{"line":17,"column":28}},"6":{"start":{"line":23,"column":29},"end":{"line":23,"column":57}},"7":{"start":{"line":24,"column":32},"end":{"line":24,"column":75}},"8":{"start":{"line":27,"column":27},"end":{"line":27,"column":44}},"9":{"start":{"line":33,"column":4},"end":{"line":36,"column":16}}},"fnMap":{"0":{"name":"(anonymous_0)","decl":{"start":{"line":8,"column":15},"end":{"line":8,"column":16}},"loc":{"start":{"line":8,"column":27},"end":{"line":29,"column":6}}},"1":{"name":"(anonymous_1)","decl":{"start":{"line":10,"column":19},"end":{"line":10,"column":20}},"loc":{"start":{"line":10,"column":30},"end":{"line":10,"column":56}}},"2":{"name":"(anonymous_2)","decl":{"start":{"line":11,"column":26},"end":{"line":11,"column":27}},"loc":{"start":{"line":12,"column":16},"end":{"line":20,"column":65}}},"3":{"name":"(anonymous_3)","decl":{"start":{"line":14,"column":49},"end":{"line":14,"column":50}},"loc":{"start":{"line":14,"column":62},"end":{"line":17,"column":28}}},"4":{"name":"(anonymous_4)","decl":{"start":{"line":23,"column":19},"end":{"line":23,"column":20}},"loc":{"start":{"line":23,"column":29},"end":{"line":23,"column":57}}},"5":{"name":"(anonymous_5)","decl":{"start":{"line":24,"column":26},"end":{"line":24,"column":29}},"loc":{"start":{"line":24,"column":32},"end":{"line":24,"column":75}}},"6":{"name":"(anonymous_6)","decl":{"start":{"line":27,"column":19},"end":{"line":27,"column":20}},"loc":{"start":{"line":27,"column":27},"end":{"line":27,"column":44}}}},"branchMap":{"0":{"loc":{"start":{"line":12,"column":16},"end":{"line":20,"column":65}},"type":"cond-expr","locations":[{"start":{"line":13,"column":22},"end":{"line":19,"column":null}},{"start":{"line":20,"column":22},"end":{"line":20,"column":65}}]}},"s":{"0":0,"1":0,"2":0,"3":0,"4":0,"5":0,"6":0,"7":0,"8":0,"9":0},"f":{"0":0,"1":0,"2":0,"3":0,"4":0,"5":0,"6":0},"b":{"0":[0,0]}}
,"/Users/hus/projects/t1-project/src/store/features/cartProductsSlice/cartProductsSlice.ts": {"path":"/Users/hus/projects/t1-project/src/store/features/cartProductsSlice/cartProductsSlice.ts","statementMap":{"0":{"start":{"line":1,"column":0},"end":{"line":1,"column":62}},"1":{"start":{"line":3,"column":0},"end":{"line":3,"column":46}},"2":{"start":{"line":5,"column":25},"end":{"line":13,"column":2}},"3":{"start":{"line":15,"column":13},"end":{"line":35,"column":3}},"4":{"start":{"line":20,"column":12},"end":{"line":20,"column":34}},"5":{"start":{"line":24,"column":8},"end":{"line":33,"column":10}},"6":{"start":{"line":27,"column":39},"end":{"line":27,"column":62}},"7":{"start":{"line":28,"column":16},"end":{"line":31,"column":18}},"8":{"start":{"line":37,"column":15},"end":{"line":37,"column":56}},"9":{"start":{"line":39,"column":0},"end":{"line":39,"column":41}}},"fnMap":{"0":{"name":"(anonymous_0)","decl":{"start":{"line":19,"column":20},"end":{"line":19,"column":21}},"loc":{"start":{"line":19,"column":56},"end":{"line":21,"column":9}}},"1":{"name":"(anonymous_1)","decl":{"start":{"line":23,"column":19},"end":{"line":23,"column":20}},"loc":{"start":{"line":23,"column":31},"end":{"line":34,"column":5}}},"2":{"name":"(anonymous_2)","decl":{"start":{"line":26,"column":12},"end":{"line":26,"column":13}},"loc":{"start":{"line":26,"column":48},"end":{"line":32,"column":13}}}},"branchMap":{},"s":{"0":0,"1":0,"2":0,"3":0,"4":0,"5":0,"6":0,"7":0,"8":0,"9":0},"f":{"0":0,"1":0,"2":0},"b":{}}
}
